<?xml version="1.0" encoding="UTF-8"?>
<coverage generated="1724449038357" clover="3.2.0">
  <project timestamp="1724449038357" name="All files">
    <metrics statements="17" coveredstatements="13" conditionals="11" coveredconditionals="6" methods="7" coveredmethods="4" elements="35" coveredelements="23" complexity="0" loc="17" ncloc="17" packages="2" files="2" classes="2"/>
    <package name="express-jobly">
      <metrics statements="8" coveredstatements="5" conditionals="4" coveredconditionals="0" methods="5" coveredmethods="2"/>
      <file name="expressError.js" path="/home/nogal/spring-board/culm-projects/express-jobly/expressError.js">
        <metrics statements="8" coveredstatements="5" conditionals="4" coveredconditionals="0" methods="5" coveredmethods="2"/>
        <line num="9" count="1" type="stmt"/>
        <line num="10" count="1" type="stmt"/>
        <line num="11" count="1" type="stmt"/>
        <line num="19" count="0" type="stmt"/>
        <line num="27" count="0" type="stmt"/>
        <line num="35" count="1" type="stmt"/>
        <line num="43" count="0" type="stmt"/>
        <line num="47" count="1" type="stmt"/>
      </file>
    </package>
    <package name="express-jobly.helpers">
      <metrics statements="9" coveredstatements="8" conditionals="7" coveredconditionals="6" methods="2" coveredmethods="2"/>
      <file name="sql.js" path="/home/nogal/spring-board/culm-projects/express-jobly/helpers/sql.js">
        <metrics statements="9" coveredstatements="8" conditionals="7" coveredconditionals="6" methods="2" coveredmethods="2"/>
        <line num="27" count="1" type="stmt"/>
        <line num="31" count="5" type="cond" truecount="1" falsecount="1"/>
        <line num="32" count="0" type="stmt"/>
        <line num="34" count="5" type="stmt"/>
        <line num="35" count="5" type="cond" truecount="2" falsecount="0"/>
        <line num="37" count="4" type="stmt"/>
        <line num="38" count="7" type="cond" truecount="2" falsecount="0"/>
        <line num="41" count="4" type="stmt"/>
        <line num="48" count="1" type="stmt"/>
      </file>
    </package>
  </project>
</coverage>
