{"/home/nogal/spring-board/culm-projects/express-jobly/app.js": {"path":"/home/nogal/spring-board/culm-projects/express-jobly/app.js","statementMap":{"0":{"start":{"line":5,"column":16},"end":{"line":5,"column":34}},"1":{"start":{"line":6,"column":13},"end":{"line":6,"column":28}},"2":{"start":{"line":8,"column":26},"end":{"line":8,"column":51}},"3":{"start":{"line":10,"column":28},"end":{"line":10,"column":56}},"4":{"start":{"line":11,"column":19},"end":{"line":11,"column":43}},"5":{"start":{"line":12,"column":24},"end":{"line":12,"column":53}},"6":{"start":{"line":13,"column":20},"end":{"line":13,"column":45}},"7":{"start":{"line":14,"column":18},"end":{"line":14,"column":42}},"8":{"start":{"line":16,"column":15},"end":{"line":16,"column":32}},"9":{"start":{"line":18,"column":12},"end":{"line":18,"column":21}},"10":{"start":{"line":20,"column":0},"end":{"line":20,"column":16}},"11":{"start":{"line":21,"column":0},"end":{"line":21,"column":24}},"12":{"start":{"line":22,"column":0},"end":{"line":22,"column":24}},"13":{"start":{"line":23,"column":0},"end":{"line":23,"column":25}},"14":{"start":{"line":25,"column":0},"end":{"line":25,"column":29}},"15":{"start":{"line":26,"column":0},"end":{"line":26,"column":39}},"16":{"start":{"line":27,"column":0},"end":{"line":27,"column":31}},"17":{"start":{"line":28,"column":0},"end":{"line":28,"column":28}},"18":{"start":{"line":32,"column":0},"end":{"line":34,"column":3}},"19":{"start":{"line":33,"column":2},"end":{"line":33,"column":35}},"20":{"start":{"line":37,"column":0},"end":{"line":45,"column":3}},"21":{"start":{"line":38,"column":2},"end":{"line":38,"column":64}},"22":{"start":{"line":38,"column":39},"end":{"line":38,"column":64}},"23":{"start":{"line":39,"column":17},"end":{"line":39,"column":34}},"24":{"start":{"line":40,"column":18},"end":{"line":40,"column":29}},"25":{"start":{"line":42,"column":2},"end":{"line":44,"column":5}},"26":{"start":{"line":47,"column":0},"end":{"line":47,"column":21}}},"fnMap":{"0":{"name":"(anonymous_0)","decl":{"start":{"line":32,"column":8},"end":{"line":32,"column":9}},"loc":{"start":{"line":32,"column":34},"end":{"line":34,"column":1}},"line":32},"1":{"name":"(anonymous_1)","decl":{"start":{"line":37,"column":8},"end":{"line":37,"column":9}},"loc":{"start":{"line":37,"column":39},"end":{"line":45,"column":1}},"line":37}},"branchMap":{"0":{"loc":{"start":{"line":38,"column":2},"end":{"line":38,"column":64}},"type":"if","locations":[{"start":{"line":38,"column":2},"end":{"line":38,"column":64}},{"start":{},"end":{}}],"line":38},"1":{"loc":{"start":{"line":39,"column":17},"end":{"line":39,"column":34}},"type":"binary-expr","locations":[{"start":{"line":39,"column":17},"end":{"line":39,"column":27}},{"start":{"line":39,"column":31},"end":{"line":39,"column":34}}],"line":39}},"s":{"0":1,"1":1,"2":1,"3":1,"4":1,"5":1,"6":1,"7":1,"8":1,"9":1,"10":1,"11":1,"12":1,"13":1,"14":1,"15":1,"16":1,"17":1,"18":1,"19":0,"20":1,"21":18,"22":0,"23":18,"24":18,"25":18,"26":1},"f":{"0":0,"1":18},"b":{"0":[0,18],"1":[18,1]},"_coverageSchema":"1a1c01bbd47fc00a2c39e90264f33305004495a9","hash":"ea77557130f614b663fd306b83e6059976ba37b0"}
,"/home/nogal/spring-board/culm-projects/express-jobly/config.js": {"path":"/home/nogal/spring-board/culm-projects/express-jobly/config.js","statementMap":{"0":{"start":{"line":5,"column":0},"end":{"line":5,"column":27}},"1":{"start":{"line":6,"column":0},"end":{"line":6,"column":18}},"2":{"start":{"line":8,"column":19},"end":{"line":8,"column":57}},"3":{"start":{"line":10,"column":13},"end":{"line":10,"column":38}},"4":{"start":{"line":14,"column":2},"end":{"line":16,"column":58}},"5":{"start":{"line":22,"column":27},"end":{"line":22,"column":67}},"6":{"start":{"line":24,"column":0},"end":{"line":24,"column":35}},"7":{"start":{"line":25,"column":0},"end":{"line":25,"column":46}},"8":{"start":{"line":26,"column":0},"end":{"line":26,"column":45}},"9":{"start":{"line":27,"column":0},"end":{"line":27,"column":61}},"10":{"start":{"line":28,"column":0},"end":{"line":28,"column":50}},"11":{"start":{"line":29,"column":0},"end":{"line":29,"column":19}},"12":{"start":{"line":31,"column":0},"end":{"line":36,"column":2}}},"fnMap":{"0":{"name":"getDatabaseUri","decl":{"start":{"line":13,"column":9},"end":{"line":13,"column":23}},"loc":{"start":{"line":13,"column":26},"end":{"line":17,"column":1}},"line":13}},"branchMap":{"0":{"loc":{"start":{"line":8,"column":19},"end":{"line":8,"column":57}},"type":"binary-expr","locations":[{"start":{"line":8,"column":19},"end":{"line":8,"column":41}},{"start":{"line":8,"column":45},"end":{"line":8,"column":57}}],"line":8},"1":{"loc":{"start":{"line":10,"column":13},"end":{"line":10,"column":38}},"type":"binary-expr","locations":[{"start":{"line":10,"column":13},"end":{"line":10,"column":30}},{"start":{"line":10,"column":34},"end":{"line":10,"column":38}}],"line":10},"2":{"loc":{"start":{"line":14,"column":9},"end":{"line":16,"column":57}},"type":"cond-expr","locations":[{"start":{"line":15,"column":8},"end":{"line":15,"column":34}},{"start":{"line":16,"column":8},"end":{"line":16,"column":57}}],"line":14},"3":{"loc":{"start":{"line":16,"column":8},"end":{"line":16,"column":57}},"type":"binary-expr","locations":[{"start":{"line":16,"column":8},"end":{"line":16,"column":32}},{"start":{"line":16,"column":36},"end":{"line":16,"column":57}}],"line":16},"4":{"loc":{"start":{"line":22,"column":27},"end":{"line":22,"column":67}},"type":"cond-expr","locations":[{"start":{"line":22,"column":61},"end":{"line":22,"column":62}},{"start":{"line":22,"column":65},"end":{"line":22,"column":67}}],"line":22}},"s":{"0":1,"1":1,"2":1,"3":1,"4":2,"5":1,"6":1,"7":1,"8":1,"9":1,"10":1,"11":1,"12":1},"f":{"0":2},"b":{"0":[1,1],"1":[1,1],"2":[2,0],"3":[0,0],"4":[1,0]},"_coverageSchema":"1a1c01bbd47fc00a2c39e90264f33305004495a9","hash":"bb5a12a628818dbee2aa2122ee06a0abbbd39579"}
,"/home/nogal/spring-board/culm-projects/express-jobly/db.js": {"path":"/home/nogal/spring-board/culm-projects/express-jobly/db.js","statementMap":{"0":{"start":{"line":3,"column":19},"end":{"line":3,"column":32}},"1":{"start":{"line":4,"column":27},"end":{"line":4,"column":46}},"2":{"start":{"line":8,"column":0},"end":{"line":19,"column":1}},"3":{"start":{"line":9,"column":2},"end":{"line":14,"column":5}},"4":{"start":{"line":16,"column":2},"end":{"line":18,"column":5}},"5":{"start":{"line":21,"column":0},"end":{"line":21,"column":13}},"6":{"start":{"line":23,"column":0},"end":{"line":23,"column":20}}},"fnMap":{},"branchMap":{"0":{"loc":{"start":{"line":8,"column":0},"end":{"line":19,"column":1}},"type":"if","locations":[{"start":{"line":8,"column":0},"end":{"line":19,"column":1}},{"start":{"line":15,"column":7},"end":{"line":19,"column":1}}],"line":8}},"s":{"0":1,"1":1,"2":1,"3":0,"4":1,"5":1,"6":1},"f":{},"b":{"0":[0,1]},"_coverageSchema":"1a1c01bbd47fc00a2c39e90264f33305004495a9","hash":"0fe5c158cc2925b4b082df75171f05006f9b89c0"}
,"/home/nogal/spring-board/culm-projects/express-jobly/expressError.js": {"path":"/home/nogal/spring-board/culm-projects/express-jobly/expressError.js","statementMap":{"0":{"start":{"line":9,"column":4},"end":{"line":9,"column":12}},"1":{"start":{"line":10,"column":4},"end":{"line":10,"column":27}},"2":{"start":{"line":11,"column":4},"end":{"line":11,"column":25}},"3":{"start":{"line":19,"column":4},"end":{"line":19,"column":24}},"4":{"start":{"line":27,"column":4},"end":{"line":27,"column":24}},"5":{"start":{"line":35,"column":4},"end":{"line":35,"column":24}},"6":{"start":{"line":43,"column":4},"end":{"line":43,"column":24}},"7":{"start":{"line":47,"column":0},"end":{"line":53,"column":2}}},"fnMap":{"0":{"name":"(anonymous_0)","decl":{"start":{"line":8,"column":2},"end":{"line":8,"column":3}},"loc":{"start":{"line":8,"column":31},"end":{"line":12,"column":3}},"line":8},"1":{"name":"(anonymous_1)","decl":{"start":{"line":18,"column":2},"end":{"line":18,"column":3}},"loc":{"start":{"line":18,"column":37},"end":{"line":20,"column":3}},"line":18},"2":{"name":"(anonymous_2)","decl":{"start":{"line":26,"column":2},"end":{"line":26,"column":3}},"loc":{"start":{"line":26,"column":40},"end":{"line":28,"column":3}},"line":26},"3":{"name":"(anonymous_3)","decl":{"start":{"line":34,"column":2},"end":{"line":34,"column":3}},"loc":{"start":{"line":34,"column":39},"end":{"line":36,"column":3}},"line":34},"4":{"name":"(anonymous_4)","decl":{"start":{"line":42,"column":2},"end":{"line":42,"column":3}},"loc":{"start":{"line":42,"column":39},"end":{"line":44,"column":3}},"line":42}},"branchMap":{"0":{"loc":{"start":{"line":18,"column":14},"end":{"line":18,"column":35}},"type":"default-arg","locations":[{"start":{"line":18,"column":24},"end":{"line":18,"column":35}}],"line":18},"1":{"loc":{"start":{"line":26,"column":14},"end":{"line":26,"column":38}},"type":"default-arg","locations":[{"start":{"line":26,"column":24},"end":{"line":26,"column":38}}],"line":26},"2":{"loc":{"start":{"line":34,"column":14},"end":{"line":34,"column":37}},"type":"default-arg","locations":[{"start":{"line":34,"column":24},"end":{"line":34,"column":37}}],"line":34},"3":{"loc":{"start":{"line":42,"column":14},"end":{"line":42,"column":37}},"type":"default-arg","locations":[{"start":{"line":42,"column":24},"end":{"line":42,"column":37}}],"line":42}},"s":{"0":17,"1":17,"2":17,"3":3,"4":5,"5":3,"6":6,"7":1},"f":{"0":17,"1":3,"2":5,"3":3,"4":6},"b":{"0":[0],"1":[5],"2":[0],"3":[6]},"_coverageSchema":"1a1c01bbd47fc00a2c39e90264f33305004495a9","hash":"8d04846bd45d2833f2594875f0456f40302d76a8"}
,"/home/nogal/spring-board/culm-projects/express-jobly/helpers/sql.js": {"path":"/home/nogal/spring-board/culm-projects/express-jobly/helpers/sql.js","statementMap":{"0":{"start":{"line":27,"column":28},"end":{"line":27,"column":54}},"1":{"start":{"line":31,"column":2},"end":{"line":33,"column":3}},"2":{"start":{"line":32,"column":4},"end":{"line":32,"column":42}},"3":{"start":{"line":34,"column":15},"end":{"line":34,"column":40}},"4":{"start":{"line":35,"column":2},"end":{"line":35,"column":62}},"5":{"start":{"line":35,"column":25},"end":{"line":35,"column":62}},"6":{"start":{"line":37,"column":15},"end":{"line":39,"column":3}},"7":{"start":{"line":38,"column":6},"end":{"line":38,"column":52}},"8":{"start":{"line":41,"column":2},"end":{"line":44,"column":4}},"9":{"start":{"line":48,"column":0},"end":{"line":48,"column":41}}},"fnMap":{"0":{"name":"sqlForPartialUpdate","decl":{"start":{"line":30,"column":9},"end":{"line":30,"column":28}},"loc":{"start":{"line":30,"column":57},"end":{"line":45,"column":1}},"line":30},"1":{"name":"(anonymous_1)","decl":{"start":{"line":37,"column":24},"end":{"line":37,"column":25}},"loc":{"start":{"line":38,"column":6},"end":{"line":38,"column":52}},"line":38}},"branchMap":{"0":{"loc":{"start":{"line":30,"column":43},"end":{"line":30,"column":55}},"type":"default-arg","locations":[{"start":{"line":30,"column":53},"end":{"line":30,"column":55}}],"line":30},"1":{"loc":{"start":{"line":31,"column":2},"end":{"line":33,"column":3}},"type":"if","locations":[{"start":{"line":31,"column":2},"end":{"line":33,"column":3}},{"start":{},"end":{}}],"line":31},"2":{"loc":{"start":{"line":35,"column":2},"end":{"line":35,"column":62}},"type":"if","locations":[{"start":{"line":35,"column":2},"end":{"line":35,"column":62}},{"start":{},"end":{}}],"line":35},"3":{"loc":{"start":{"line":38,"column":10},"end":{"line":38,"column":37}},"type":"binary-expr","locations":[{"start":{"line":38,"column":10},"end":{"line":38,"column":26}},{"start":{"line":38,"column":30},"end":{"line":38,"column":37}}],"line":38}},"s":{"0":1,"1":4,"2":0,"3":4,"4":4,"5":0,"6":4,"7":4,"8":4,"9":1},"f":{"0":4,"1":4},"b":{"0":[0],"1":[0,4],"2":[0,4],"3":[4,1]},"_coverageSchema":"1a1c01bbd47fc00a2c39e90264f33305004495a9","hash":"5487e3ac3434681bdeb84ffae65c877112cfd381"}
,"/home/nogal/spring-board/culm-projects/express-jobly/helpers/tokens.js": {"path":"/home/nogal/spring-board/culm-projects/express-jobly/helpers/tokens.js","statementMap":{"0":{"start":{"line":3,"column":12},"end":{"line":3,"column":35}},"1":{"start":{"line":4,"column":23},"end":{"line":4,"column":43}},"2":{"start":{"line":9,"column":2},"end":{"line":10,"column":58}},"3":{"start":{"line":12,"column":16},"end":{"line":15,"column":3}},"4":{"start":{"line":17,"column":16},"end":{"line":17,"column":45}},"5":{"start":{"line":18,"column":2},"end":{"line":18,"column":41}},"6":{"start":{"line":19,"column":2},"end":{"line":19,"column":15}},"7":{"start":{"line":23,"column":0},"end":{"line":23,"column":33}}},"fnMap":{"0":{"name":"createToken","decl":{"start":{"line":8,"column":9},"end":{"line":8,"column":20}},"loc":{"start":{"line":8,"column":27},"end":{"line":20,"column":1}},"line":8}},"branchMap":{"0":{"loc":{"start":{"line":14,"column":13},"end":{"line":14,"column":34}},"type":"binary-expr","locations":[{"start":{"line":14,"column":13},"end":{"line":14,"column":25}},{"start":{"line":14,"column":29},"end":{"line":14,"column":34}}],"line":14}},"s":{"0":1,"1":1,"2":5,"3":5,"4":5,"5":5,"6":5,"7":1},"f":{"0":5},"b":{"0":[5,3]},"_coverageSchema":"1a1c01bbd47fc00a2c39e90264f33305004495a9","hash":"362fe126881f234fc8218e0e674770881426a70c"}
,"/home/nogal/spring-board/culm-projects/express-jobly/middleware/auth.js": {"path":"/home/nogal/spring-board/culm-projects/express-jobly/middleware/auth.js","statementMap":{"0":{"start":{"line":7,"column":12},"end":{"line":7,"column":35}},"1":{"start":{"line":8,"column":23},"end":{"line":8,"column":43}},"2":{"start":{"line":9,"column":46},"end":{"line":9,"column":72}},"3":{"start":{"line":21,"column":2},"end":{"line":32,"column":3}},"4":{"start":{"line":22,"column":23},"end":{"line":22,"column":63}},"5":{"start":{"line":23,"column":4},"end":{"line":26,"column":5}},"6":{"start":{"line":24,"column":20},"end":{"line":24,"column":64}},"7":{"start":{"line":25,"column":6},"end":{"line":25,"column":54}},"8":{"start":{"line":27,"column":4},"end":{"line":27,"column":56}},"9":{"start":{"line":28,"column":4},"end":{"line":28,"column":18}},"10":{"start":{"line":30,"column":4},"end":{"line":30,"column":58}},"11":{"start":{"line":31,"column":4},"end":{"line":31,"column":18}},"12":{"start":{"line":41,"column":2},"end":{"line":46,"column":3}},"13":{"start":{"line":42,"column":4},"end":{"line":42,"column":56}},"14":{"start":{"line":42,"column":26},"end":{"line":42,"column":56}},"15":{"start":{"line":43,"column":4},"end":{"line":43,"column":18}},"16":{"start":{"line":45,"column":4},"end":{"line":45,"column":21}},"17":{"start":{"line":55,"column":2},"end":{"line":65,"column":3}},"18":{"start":{"line":56,"column":4},"end":{"line":58,"column":5}},"19":{"start":{"line":57,"column":6},"end":{"line":57,"column":36}},"20":{"start":{"line":59,"column":4},"end":{"line":61,"column":5}},"21":{"start":{"line":60,"column":6},"end":{"line":60,"column":33}},"22":{"start":{"line":62,"column":4},"end":{"line":62,"column":18}},"23":{"start":{"line":64,"column":4},"end":{"line":64,"column":21}},"24":{"start":{"line":70,"column":2},"end":{"line":78,"column":3}},"25":{"start":{"line":71,"column":17},"end":{"line":71,"column":32}},"26":{"start":{"line":72,"column":4},"end":{"line":74,"column":5}},"27":{"start":{"line":73,"column":6},"end":{"line":73,"column":33}},"28":{"start":{"line":75,"column":4},"end":{"line":75,"column":18}},"29":{"start":{"line":77,"column":4},"end":{"line":77,"column":21}},"30":{"start":{"line":81,"column":0},"end":{"line":86,"column":2}}},"fnMap":{"0":{"name":"authenticateJWT","decl":{"start":{"line":20,"column":9},"end":{"line":20,"column":24}},"loc":{"start":{"line":20,"column":41},"end":{"line":33,"column":1}},"line":20},"1":{"name":"ensureLoggedIn","decl":{"start":{"line":40,"column":9},"end":{"line":40,"column":23}},"loc":{"start":{"line":40,"column":40},"end":{"line":47,"column":1}},"line":40},"2":{"name":"ensureAdmin","decl":{"start":{"line":54,"column":9},"end":{"line":54,"column":20}},"loc":{"start":{"line":54,"column":37},"end":{"line":66,"column":1}},"line":54},"3":{"name":"ensureCorrectUserOrAdmin","decl":{"start":{"line":69,"column":9},"end":{"line":69,"column":33}},"loc":{"start":{"line":69,"column":50},"end":{"line":79,"column":1}},"line":69}},"branchMap":{"0":{"loc":{"start":{"line":22,"column":23},"end":{"line":22,"column":63}},"type":"binary-expr","locations":[{"start":{"line":22,"column":23},"end":{"line":22,"column":34}},{"start":{"line":22,"column":38},"end":{"line":22,"column":63}}],"line":22},"1":{"loc":{"start":{"line":23,"column":4},"end":{"line":26,"column":5}},"type":"if","locations":[{"start":{"line":23,"column":4},"end":{"line":26,"column":5}},{"start":{},"end":{}}],"line":23},"2":{"loc":{"start":{"line":42,"column":4},"end":{"line":42,"column":56}},"type":"if","locations":[{"start":{"line":42,"column":4},"end":{"line":42,"column":56}},{"start":{},"end":{}}],"line":42},"3":{"loc":{"start":{"line":56,"column":4},"end":{"line":58,"column":5}},"type":"if","locations":[{"start":{"line":56,"column":4},"end":{"line":58,"column":5}},{"start":{},"end":{}}],"line":56},"4":{"loc":{"start":{"line":59,"column":4},"end":{"line":61,"column":5}},"type":"if","locations":[{"start":{"line":59,"column":4},"end":{"line":61,"column":5}},{"start":{},"end":{}}],"line":59},"5":{"loc":{"start":{"line":72,"column":4},"end":{"line":74,"column":5}},"type":"if","locations":[{"start":{"line":72,"column":4},"end":{"line":74,"column":5}},{"start":{},"end":{}}],"line":72},"6":{"loc":{"start":{"line":72,"column":10},"end":{"line":72,"column":73}},"type":"binary-expr","locations":[{"start":{"line":72,"column":10},"end":{"line":72,"column":14}},{"start":{"line":72,"column":19},"end":{"line":72,"column":31}},{"start":{"line":72,"column":35},"end":{"line":72,"column":72}}],"line":72}},"s":{"0":1,"1":1,"2":1,"3":30,"4":30,"5":30,"6":25,"7":25,"8":30,"9":30,"10":0,"11":0,"12":27,"13":27,"14":5,"15":22,"16":5,"17":8,"18":8,"19":0,"20":8,"21":2,"22":6,"23":2,"24":17,"25":17,"26":17,"27":4,"28":13,"29":4,"30":1},"f":{"0":30,"1":27,"2":8,"3":17},"b":{"0":[30,30],"1":[25,5],"2":[5,22],"3":[0,8],"4":[2,6],"5":[4,13],"6":[17,17,10]},"_coverageSchema":"1a1c01bbd47fc00a2c39e90264f33305004495a9","hash":"d5d1d5632ddc68ecbab67b4ead50ea4c16f5ec1b"}
,"/home/nogal/spring-board/culm-projects/express-jobly/models/company.js": {"path":"/home/nogal/spring-board/culm-projects/express-jobly/models/company.js","statementMap":{"0":{"start":{"line":5,"column":11},"end":{"line":5,"column":27}},"1":{"start":{"line":6,"column":43},"end":{"line":6,"column":69}},"2":{"start":{"line":7,"column":32},"end":{"line":7,"column":57}},"3":{"start":{"line":22,"column":27},"end":{"line":26,"column":17}},"4":{"start":{"line":28,"column":4},"end":{"line":29,"column":64}},"5":{"start":{"line":29,"column":6},"end":{"line":29,"column":64}},"6":{"start":{"line":31,"column":19},"end":{"line":43,"column":5}},"7":{"start":{"line":44,"column":20},"end":{"line":44,"column":34}},"8":{"start":{"line":46,"column":4},"end":{"line":46,"column":19}},"9":{"start":{"line":55,"column":16},"end":{"line":60,"column":32}},"10":{"start":{"line":61,"column":27},"end":{"line":61,"column":29}},"11":{"start":{"line":62,"column":22},"end":{"line":62,"column":24}},"12":{"start":{"line":65,"column":4},"end":{"line":68,"column":5}},"13":{"start":{"line":66,"column":6},"end":{"line":66,"column":36}},"14":{"start":{"line":67,"column":6},"end":{"line":67,"column":65}},"15":{"start":{"line":71,"column":4},"end":{"line":74,"column":5}},"16":{"start":{"line":72,"column":6},"end":{"line":72,"column":37}},"17":{"start":{"line":73,"column":6},"end":{"line":73,"column":71}},"18":{"start":{"line":77,"column":4},"end":{"line":80,"column":5}},"19":{"start":{"line":78,"column":6},"end":{"line":78,"column":37}},"20":{"start":{"line":79,"column":6},"end":{"line":79,"column":71}},"21":{"start":{"line":82,"column":4},"end":{"line":84,"column":5}},"22":{"start":{"line":83,"column":6},"end":{"line":83,"column":58}},"23":{"start":{"line":86,"column":4},"end":{"line":86,"column":30}},"24":{"start":{"line":87,"column":25},"end":{"line":87,"column":59}},"25":{"start":{"line":88,"column":4},"end":{"line":88,"column":29}},"26":{"start":{"line":102,"column":21},"end":{"line":111,"column":3}},"27":{"start":{"line":113,"column":18},"end":{"line":113,"column":36}},"28":{"start":{"line":115,"column":2},"end":{"line":115,"column":65}},"29":{"start":{"line":115,"column":16},"end":{"line":115,"column":65}},"30":{"start":{"line":117,"column":18},"end":{"line":123,"column":3}},"31":{"start":{"line":125,"column":2},"end":{"line":125,"column":30}},"32":{"start":{"line":127,"column":2},"end":{"line":127,"column":17}},"33":{"start":{"line":144,"column":32},"end":{"line":149,"column":10}},"34":{"start":{"line":150,"column":25},"end":{"line":150,"column":50}},"35":{"start":{"line":152,"column":21},"end":{"line":159,"column":54}},"36":{"start":{"line":160,"column":19},"end":{"line":160,"column":64}},"37":{"start":{"line":161,"column":20},"end":{"line":161,"column":34}},"38":{"start":{"line":163,"column":4},"end":{"line":163,"column":67}},"39":{"start":{"line":163,"column":18},"end":{"line":163,"column":67}},"40":{"start":{"line":165,"column":4},"end":{"line":165,"column":19}},"41":{"start":{"line":174,"column":19},"end":{"line":179,"column":17}},"42":{"start":{"line":180,"column":20},"end":{"line":180,"column":34}},"43":{"start":{"line":182,"column":4},"end":{"line":182,"column":67}},"44":{"start":{"line":182,"column":18},"end":{"line":182,"column":67}},"45":{"start":{"line":187,"column":0},"end":{"line":187,"column":25}}},"fnMap":{"0":{"name":"(anonymous_0)","decl":{"start":{"line":21,"column":2},"end":{"line":21,"column":3}},"loc":{"start":{"line":21,"column":76},"end":{"line":47,"column":3}},"line":21},"1":{"name":"(anonymous_1)","decl":{"start":{"line":54,"column":2},"end":{"line":54,"column":3}},"loc":{"start":{"line":54,"column":66},"end":{"line":89,"column":3}},"line":54},"2":{"name":"(anonymous_2)","decl":{"start":{"line":101,"column":0},"end":{"line":101,"column":1}},"loc":{"start":{"line":101,"column":25},"end":{"line":128,"column":1}},"line":101},"3":{"name":"(anonymous_3)","decl":{"start":{"line":143,"column":2},"end":{"line":143,"column":3}},"loc":{"start":{"line":143,"column":36},"end":{"line":166,"column":3}},"line":143},"4":{"name":"(anonymous_4)","decl":{"start":{"line":173,"column":2},"end":{"line":173,"column":3}},"loc":{"start":{"line":173,"column":30},"end":{"line":183,"column":3}},"line":173}},"branchMap":{"0":{"loc":{"start":{"line":28,"column":4},"end":{"line":29,"column":64}},"type":"if","locations":[{"start":{"line":28,"column":4},"end":{"line":29,"column":64}},{"start":{},"end":{}}],"line":28},"1":{"loc":{"start":{"line":54,"column":23},"end":{"line":54,"column":64}},"type":"default-arg","locations":[{"start":{"line":54,"column":62},"end":{"line":54,"column":64}}],"line":54},"2":{"loc":{"start":{"line":65,"column":4},"end":{"line":68,"column":5}},"type":"if","locations":[{"start":{"line":65,"column":4},"end":{"line":68,"column":5}},{"start":{},"end":{}}],"line":65},"3":{"loc":{"start":{"line":71,"column":4},"end":{"line":74,"column":5}},"type":"if","locations":[{"start":{"line":71,"column":4},"end":{"line":74,"column":5}},{"start":{},"end":{}}],"line":71},"4":{"loc":{"start":{"line":77,"column":4},"end":{"line":80,"column":5}},"type":"if","locations":[{"start":{"line":77,"column":4},"end":{"line":80,"column":5}},{"start":{},"end":{}}],"line":77},"5":{"loc":{"start":{"line":82,"column":4},"end":{"line":84,"column":5}},"type":"if","locations":[{"start":{"line":82,"column":4},"end":{"line":84,"column":5}},{"start":{},"end":{}}],"line":82},"6":{"loc":{"start":{"line":115,"column":2},"end":{"line":115,"column":65}},"type":"if","locations":[{"start":{"line":115,"column":2},"end":{"line":115,"column":65}},{"start":{},"end":{}}],"line":115},"7":{"loc":{"start":{"line":163,"column":4},"end":{"line":163,"column":67}},"type":"if","locations":[{"start":{"line":163,"column":4},"end":{"line":163,"column":67}},{"start":{},"end":{}}],"line":163},"8":{"loc":{"start":{"line":182,"column":4},"end":{"line":182,"column":67}},"type":"if","locations":[{"start":{"line":182,"column":4},"end":{"line":182,"column":67}},{"start":{},"end":{}}],"line":182}},"s":{"0":1,"1":1,"2":1,"3":3,"4":3,"5":0,"6":3,"7":3,"8":3,"9":0,"10":0,"11":0,"12":0,"13":0,"14":0,"15":0,"16":0,"17":0,"18":0,"19":0,"20":0,"21":0,"22":0,"23":0,"24":0,"25":0,"26":0,"27":0,"28":0,"29":0,"30":0,"31":0,"32":0,"33":0,"34":0,"35":0,"36":0,"37":0,"38":0,"39":0,"40":0,"41":0,"42":0,"43":0,"44":0,"45":1},"f":{"0":3,"1":0,"2":0,"3":0,"4":0},"b":{"0":[0,3],"1":[0],"2":[0,0],"3":[0,0],"4":[0,0],"5":[0,0],"6":[0,0],"7":[0,0],"8":[0,0]},"_coverageSchema":"1a1c01bbd47fc00a2c39e90264f33305004495a9","hash":"389d8a4ad14a0f476229273c0b142301273088d3"}
,"/home/nogal/spring-board/culm-projects/express-jobly/models/job.js": {"path":"/home/nogal/spring-board/culm-projects/express-jobly/models/job.js","statementMap":{"0":{"start":{"line":3,"column":11},"end":{"line":3,"column":27}},"1":{"start":{"line":4,"column":32},"end":{"line":4,"column":57}},"2":{"start":{"line":8,"column":4},"end":{"line":8,"column":30}},"3":{"start":{"line":23,"column":19},"end":{"line":31,"column":5}},"4":{"start":{"line":32,"column":16},"end":{"line":32,"column":30}},"5":{"start":{"line":33,"column":4},"end":{"line":33,"column":37}},"6":{"start":{"line":34,"column":4},"end":{"line":34,"column":15}},"7":{"start":{"line":45,"column":16},"end":{"line":50,"column":27}},"8":{"start":{"line":51,"column":27},"end":{"line":51,"column":29}},"9":{"start":{"line":52,"column":22},"end":{"line":52,"column":24}},"10":{"start":{"line":54,"column":4},"end":{"line":57,"column":5}},"11":{"start":{"line":55,"column":6},"end":{"line":55,"column":37}},"12":{"start":{"line":56,"column":6},"end":{"line":56,"column":66}},"13":{"start":{"line":59,"column":4},"end":{"line":62,"column":5}},"14":{"start":{"line":60,"column":6},"end":{"line":60,"column":34}},"15":{"start":{"line":61,"column":6},"end":{"line":61,"column":64}},"16":{"start":{"line":64,"column":4},"end":{"line":66,"column":5}},"17":{"start":{"line":65,"column":6},"end":{"line":65,"column":42}},"18":{"start":{"line":68,"column":4},"end":{"line":70,"column":5}},"19":{"start":{"line":69,"column":6},"end":{"line":69,"column":58}},"20":{"start":{"line":72,"column":4},"end":{"line":72,"column":31}},"21":{"start":{"line":73,"column":20},"end":{"line":73,"column":54}},"22":{"start":{"line":74,"column":4},"end":{"line":74,"column":24}},"23":{"start":{"line":86,"column":19},"end":{"line":95,"column":5}},"24":{"start":{"line":97,"column":16},"end":{"line":97,"column":30}},"25":{"start":{"line":99,"column":4},"end":{"line":99,"column":55}},"26":{"start":{"line":99,"column":14},"end":{"line":99,"column":55}},"27":{"start":{"line":101,"column":4},"end":{"line":101,"column":15}},"28":{"start":{"line":117,"column":32},"end":{"line":117,"column":61}},"29":{"start":{"line":118,"column":21},"end":{"line":118,"column":46}},"30":{"start":{"line":120,"column":21},"end":{"line":127,"column":66}},"31":{"start":{"line":128,"column":19},"end":{"line":128,"column":60}},"32":{"start":{"line":129,"column":16},"end":{"line":129,"column":30}},"33":{"start":{"line":131,"column":4},"end":{"line":131,"column":55}},"34":{"start":{"line":131,"column":14},"end":{"line":131,"column":55}},"35":{"start":{"line":133,"column":4},"end":{"line":133,"column":15}},"36":{"start":{"line":139,"column":19},"end":{"line":145,"column":5}},"37":{"start":{"line":146,"column":16},"end":{"line":146,"column":30}},"38":{"start":{"line":148,"column":4},"end":{"line":148,"column":55}},"39":{"start":{"line":148,"column":14},"end":{"line":148,"column":55}},"40":{"start":{"line":152,"column":0},"end":{"line":152,"column":21}}},"fnMap":{"0":{"name":"(anonymous_0)","decl":{"start":{"line":22,"column":2},"end":{"line":22,"column":3}},"loc":{"start":{"line":22,"column":64},"end":{"line":35,"column":3}},"line":22},"1":{"name":"(anonymous_1)","decl":{"start":{"line":44,"column":0},"end":{"line":44,"column":1}},"loc":{"start":{"line":44,"column":59},"end":{"line":75,"column":3}},"line":44},"2":{"name":"(anonymous_2)","decl":{"start":{"line":85,"column":2},"end":{"line":85,"column":3}},"loc":{"start":{"line":85,"column":23},"end":{"line":102,"column":3}},"line":85},"3":{"name":"(anonymous_3)","decl":{"start":{"line":116,"column":2},"end":{"line":116,"column":3}},"loc":{"start":{"line":116,"column":32},"end":{"line":134,"column":3}},"line":116},"4":{"name":"(anonymous_4)","decl":{"start":{"line":138,"column":2},"end":{"line":138,"column":3}},"loc":{"start":{"line":138,"column":26},"end":{"line":149,"column":3}},"line":138}},"branchMap":{"0":{"loc":{"start":{"line":44,"column":21},"end":{"line":44,"column":57}},"type":"default-arg","locations":[{"start":{"line":44,"column":55},"end":{"line":44,"column":57}}],"line":44},"1":{"loc":{"start":{"line":54,"column":4},"end":{"line":57,"column":5}},"type":"if","locations":[{"start":{"line":54,"column":4},"end":{"line":57,"column":5}},{"start":{},"end":{}}],"line":54},"2":{"loc":{"start":{"line":59,"column":4},"end":{"line":62,"column":5}},"type":"if","locations":[{"start":{"line":59,"column":4},"end":{"line":62,"column":5}},{"start":{},"end":{}}],"line":59},"3":{"loc":{"start":{"line":64,"column":4},"end":{"line":66,"column":5}},"type":"if","locations":[{"start":{"line":64,"column":4},"end":{"line":66,"column":5}},{"start":{},"end":{}}],"line":64},"4":{"loc":{"start":{"line":68,"column":4},"end":{"line":70,"column":5}},"type":"if","locations":[{"start":{"line":68,"column":4},"end":{"line":70,"column":5}},{"start":{},"end":{}}],"line":68},"5":{"loc":{"start":{"line":99,"column":4},"end":{"line":99,"column":55}},"type":"if","locations":[{"start":{"line":99,"column":4},"end":{"line":99,"column":55}},{"start":{},"end":{}}],"line":99},"6":{"loc":{"start":{"line":131,"column":4},"end":{"line":131,"column":55}},"type":"if","locations":[{"start":{"line":131,"column":4},"end":{"line":131,"column":55}},{"start":{},"end":{}}],"line":131},"7":{"loc":{"start":{"line":148,"column":4},"end":{"line":148,"column":55}},"type":"if","locations":[{"start":{"line":148,"column":4},"end":{"line":148,"column":55}},{"start":{},"end":{}}],"line":148}},"s":{"0":1,"1":1,"2":1,"3":3,"4":3,"5":3,"6":3,"7":0,"8":0,"9":0,"10":0,"11":0,"12":0,"13":0,"14":0,"15":0,"16":0,"17":0,"18":0,"19":0,"20":0,"21":0,"22":0,"23":0,"24":0,"25":0,"26":0,"27":0,"28":0,"29":0,"30":0,"31":0,"32":0,"33":0,"34":0,"35":0,"36":0,"37":0,"38":0,"39":0,"40":1},"f":{"0":3,"1":0,"2":0,"3":0,"4":0},"b":{"0":[0],"1":[0,0],"2":[0,0],"3":[0,0],"4":[0,0],"5":[0,0],"6":[0,0],"7":[0,0]},"_coverageSchema":"1a1c01bbd47fc00a2c39e90264f33305004495a9","hash":"f2b4116906efbc21c8fef8d72b0df1e23f26d3bf"}
,"/home/nogal/spring-board/culm-projects/express-jobly/models/user.js": {"path":"/home/nogal/spring-board/culm-projects/express-jobly/models/user.js","statementMap":{"0":{"start":{"line":3,"column":11},"end":{"line":3,"column":27}},"1":{"start":{"line":4,"column":15},"end":{"line":4,"column":32}},"2":{"start":{"line":5,"column":32},"end":{"line":5,"column":57}},"3":{"start":{"line":10,"column":4},"end":{"line":10,"column":30}},"4":{"start":{"line":12,"column":31},"end":{"line":12,"column":54}},"5":{"start":{"line":26,"column":19},"end":{"line":36,"column":5}},"6":{"start":{"line":38,"column":17},"end":{"line":38,"column":31}},"7":{"start":{"line":40,"column":4},"end":{"line":47,"column":5}},"8":{"start":{"line":42,"column":22},"end":{"line":42,"column":67}},"9":{"start":{"line":43,"column":6},"end":{"line":46,"column":7}},"10":{"start":{"line":44,"column":8},"end":{"line":44,"column":29}},"11":{"start":{"line":45,"column":8},"end":{"line":45,"column":20}},"12":{"start":{"line":49,"column":4},"end":{"line":49,"column":61}},"13":{"start":{"line":61,"column":27},"end":{"line":66,"column":5}},"14":{"start":{"line":68,"column":4},"end":{"line":70,"column":5}},"15":{"start":{"line":69,"column":6},"end":{"line":69,"column":67}},"16":{"start":{"line":72,"column":27},"end":{"line":72,"column":74}},"17":{"start":{"line":74,"column":19},"end":{"line":92,"column":5}},"18":{"start":{"line":94,"column":17},"end":{"line":94,"column":31}},"19":{"start":{"line":96,"column":4},"end":{"line":96,"column":16}},"20":{"start":{"line":105,"column":19},"end":{"line":113,"column":5}},"21":{"start":{"line":115,"column":4},"end":{"line":115,"column":23}},"22":{"start":{"line":127,"column":20},"end":{"line":139,"column":5}},"23":{"start":{"line":141,"column":17},"end":{"line":141,"column":32}},"24":{"start":{"line":143,"column":4},"end":{"line":143,"column":63}},"25":{"start":{"line":143,"column":15},"end":{"line":143,"column":63}},"26":{"start":{"line":145,"column":4},"end":{"line":145,"column":16}},"27":{"start":{"line":167,"column":4},"end":{"line":169,"column":5}},"28":{"start":{"line":168,"column":6},"end":{"line":168,"column":75}},"29":{"start":{"line":171,"column":32},"end":{"line":177,"column":10}},"30":{"start":{"line":178,"column":27},"end":{"line":178,"column":52}},"31":{"start":{"line":180,"column":21},"end":{"line":187,"column":54}},"32":{"start":{"line":188,"column":19},"end":{"line":188,"column":66}},"33":{"start":{"line":189,"column":17},"end":{"line":189,"column":31}},"34":{"start":{"line":191,"column":4},"end":{"line":191,"column":63}},"35":{"start":{"line":191,"column":15},"end":{"line":191,"column":63}},"36":{"start":{"line":193,"column":4},"end":{"line":193,"column":25}},"37":{"start":{"line":194,"column":4},"end":{"line":194,"column":16}},"38":{"start":{"line":200,"column":17},"end":{"line":206,"column":5}},"39":{"start":{"line":207,"column":17},"end":{"line":207,"column":31}},"40":{"start":{"line":209,"column":4},"end":{"line":209,"column":63}},"41":{"start":{"line":209,"column":15},"end":{"line":209,"column":63}},"42":{"start":{"line":217,"column":21},"end":{"line":220,"column":31}},"43":{"start":{"line":221,"column":16},"end":{"line":221,"column":32}},"44":{"start":{"line":223,"column":4},"end":{"line":223,"column":58}},"45":{"start":{"line":223,"column":14},"end":{"line":223,"column":58}},"46":{"start":{"line":225,"column":25},"end":{"line":228,"column":40}},"47":{"start":{"line":229,"column":17},"end":{"line":229,"column":37}},"48":{"start":{"line":231,"column":4},"end":{"line":231,"column":63}},"49":{"start":{"line":231,"column":15},"end":{"line":231,"column":63}},"50":{"start":{"line":233,"column":4},"end":{"line":236,"column":25}},"51":{"start":{"line":238,"column":4},"end":{"line":238,"column":30}},"52":{"start":{"line":247,"column":20},"end":{"line":255,"column":17}},"53":{"start":{"line":257,"column":17},"end":{"line":257,"column":32}},"54":{"start":{"line":259,"column":4},"end":{"line":259,"column":63}},"55":{"start":{"line":259,"column":15},"end":{"line":259,"column":63}},"56":{"start":{"line":261,"column":24},"end":{"line":265,"column":17}},"57":{"start":{"line":267,"column":4},"end":{"line":267,"column":52}},"58":{"start":{"line":267,"column":42},"end":{"line":267,"column":50}},"59":{"start":{"line":269,"column":4},"end":{"line":269,"column":16}},"60":{"start":{"line":274,"column":0},"end":{"line":274,"column":22}}},"fnMap":{"0":{"name":"(anonymous_0)","decl":{"start":{"line":24,"column":2},"end":{"line":24,"column":3}},"loc":{"start":{"line":24,"column":48},"end":{"line":50,"column":3}},"line":24},"1":{"name":"(anonymous_1)","decl":{"start":{"line":59,"column":2},"end":{"line":59,"column":3}},"loc":{"start":{"line":60,"column":67},"end":{"line":97,"column":3}},"line":60},"2":{"name":"(anonymous_2)","decl":{"start":{"line":104,"column":2},"end":{"line":104,"column":3}},"loc":{"start":{"line":104,"column":25},"end":{"line":116,"column":3}},"line":104},"3":{"name":"(anonymous_3)","decl":{"start":{"line":126,"column":2},"end":{"line":126,"column":3}},"loc":{"start":{"line":126,"column":29},"end":{"line":146,"column":3}},"line":126},"4":{"name":"(anonymous_4)","decl":{"start":{"line":166,"column":2},"end":{"line":166,"column":3}},"loc":{"start":{"line":166,"column":38},"end":{"line":195,"column":3}},"line":166},"5":{"name":"(anonymous_5)","decl":{"start":{"line":199,"column":2},"end":{"line":199,"column":3}},"loc":{"start":{"line":199,"column":32},"end":{"line":210,"column":3}},"line":199},"6":{"name":"(anonymous_6)","decl":{"start":{"line":216,"column":3},"end":{"line":216,"column":4}},"loc":{"start":{"line":216,"column":44},"end":{"line":239,"column":3}},"line":216},"7":{"name":"(anonymous_7)","decl":{"start":{"line":246,"column":2},"end":{"line":246,"column":3}},"loc":{"start":{"line":246,"column":29},"end":{"line":270,"column":3}},"line":246},"8":{"name":"(anonymous_8)","decl":{"start":{"line":267,"column":37},"end":{"line":267,"column":38}},"loc":{"start":{"line":267,"column":42},"end":{"line":267,"column":50}},"line":267}},"branchMap":{"0":{"loc":{"start":{"line":40,"column":4},"end":{"line":47,"column":5}},"type":"if","locations":[{"start":{"line":40,"column":4},"end":{"line":47,"column":5}},{"start":{},"end":{}}],"line":40},"1":{"loc":{"start":{"line":43,"column":6},"end":{"line":46,"column":7}},"type":"if","locations":[{"start":{"line":43,"column":6},"end":{"line":46,"column":7}},{"start":{},"end":{}}],"line":43},"2":{"loc":{"start":{"line":68,"column":4},"end":{"line":70,"column":5}},"type":"if","locations":[{"start":{"line":68,"column":4},"end":{"line":70,"column":5}},{"start":{},"end":{}}],"line":68},"3":{"loc":{"start":{"line":143,"column":4},"end":{"line":143,"column":63}},"type":"if","locations":[{"start":{"line":143,"column":4},"end":{"line":143,"column":63}},{"start":{},"end":{}}],"line":143},"4":{"loc":{"start":{"line":167,"column":4},"end":{"line":169,"column":5}},"type":"if","locations":[{"start":{"line":167,"column":4},"end":{"line":169,"column":5}},{"start":{},"end":{}}],"line":167},"5":{"loc":{"start":{"line":191,"column":4},"end":{"line":191,"column":63}},"type":"if","locations":[{"start":{"line":191,"column":4},"end":{"line":191,"column":63}},{"start":{},"end":{}}],"line":191},"6":{"loc":{"start":{"line":209,"column":4},"end":{"line":209,"column":63}},"type":"if","locations":[{"start":{"line":209,"column":4},"end":{"line":209,"column":63}},{"start":{},"end":{}}],"line":209},"7":{"loc":{"start":{"line":223,"column":4},"end":{"line":223,"column":58}},"type":"if","locations":[{"start":{"line":223,"column":4},"end":{"line":223,"column":58}},{"start":{},"end":{}}],"line":223},"8":{"loc":{"start":{"line":231,"column":4},"end":{"line":231,"column":63}},"type":"if","locations":[{"start":{"line":231,"column":4},"end":{"line":231,"column":63}},{"start":{},"end":{}}],"line":231},"9":{"loc":{"start":{"line":259,"column":4},"end":{"line":259,"column":63}},"type":"if","locations":[{"start":{"line":259,"column":4},"end":{"line":259,"column":63}},{"start":{},"end":{}}],"line":259}},"s":{"0":1,"1":1,"2":1,"3":1,"4":1,"5":1,"6":1,"7":1,"8":1,"9":1,"10":1,"11":1,"12":0,"13":5,"14":5,"15":0,"16":5,"17":5,"18":5,"19":5,"20":2,"21":1,"22":0,"23":0,"24":0,"25":0,"26":0,"27":4,"28":1,"29":4,"30":4,"31":4,"32":4,"33":4,"34":4,"35":1,"36":3,"37":3,"38":3,"39":3,"40":3,"41":1,"42":0,"43":0,"44":0,"45":0,"46":0,"47":0,"48":0,"49":0,"50":0,"51":0,"52":3,"53":3,"54":3,"55":1,"56":2,"57":2,"58":4,"59":2,"60":1},"f":{"0":1,"1":5,"2":2,"3":0,"4":4,"5":3,"6":0,"7":3,"8":4},"b":{"0":[1,0],"1":[1,0],"2":[0,5],"3":[0,0],"4":[1,3],"5":[1,3],"6":[1,2],"7":[0,0],"8":[0,0],"9":[1,2]},"_coverageSchema":"1a1c01bbd47fc00a2c39e90264f33305004495a9","hash":"d23dc2c653a07a988cec545d4e3342af8299a067"}
,"/home/nogal/spring-board/culm-projects/express-jobly/routes/_testCommon.js": {"path":"/home/nogal/spring-board/culm-projects/express-jobly/routes/_testCommon.js","statementMap":{"0":{"start":{"line":3,"column":11},"end":{"line":3,"column":30}},"1":{"start":{"line":4,"column":13},"end":{"line":4,"column":38}},"2":{"start":{"line":5,"column":16},"end":{"line":5,"column":44}},"3":{"start":{"line":6,"column":12},"end":{"line":6,"column":36}},"4":{"start":{"line":7,"column":24},"end":{"line":7,"column":52}},"5":{"start":{"line":11,"column":2},"end":{"line":11,"column":45}},"6":{"start":{"line":12,"column":2},"end":{"line":12,"column":38}},"7":{"start":{"line":13,"column":2},"end":{"line":13,"column":42}},"8":{"start":{"line":14,"column":2},"end":{"line":14,"column":37}},"9":{"start":{"line":15,"column":2},"end":{"line":15,"column":82}},"10":{"start":{"line":18,"column":2},"end":{"line":24,"column":5}},"11":{"start":{"line":26,"column":2},"end":{"line":32,"column":5}},"12":{"start":{"line":34,"column":2},"end":{"line":40,"column":5}},"13":{"start":{"line":43,"column":2},"end":{"line":50,"column":5}},"14":{"start":{"line":52,"column":2},"end":{"line":59,"column":5}},"15":{"start":{"line":61,"column":2},"end":{"line":68,"column":5}},"16":{"start":{"line":71,"column":15},"end":{"line":76,"column":4}},"17":{"start":{"line":78,"column":15},"end":{"line":83,"column":4}},"18":{"start":{"line":85,"column":15},"end":{"line":90,"column":4}},"19":{"start":{"line":93,"column":2},"end":{"line":97,"column":4}},"20":{"start":{"line":101,"column":2},"end":{"line":101,"column":26}},"21":{"start":{"line":105,"column":2},"end":{"line":105,"column":29}},"22":{"start":{"line":109,"column":2},"end":{"line":109,"column":17}},"23":{"start":{"line":113,"column":16},"end":{"line":113,"column":63}},"24":{"start":{"line":114,"column":16},"end":{"line":114,"column":63}},"25":{"start":{"line":115,"column":19},"end":{"line":115,"column":68}},"26":{"start":{"line":117,"column":0},"end":{"line":125,"column":2}}},"fnMap":{"0":{"name":"commonBeforeAll","decl":{"start":{"line":9,"column":15},"end":{"line":9,"column":30}},"loc":{"start":{"line":9,"column":33},"end":{"line":98,"column":1}},"line":9},"1":{"name":"commonBeforeEach","decl":{"start":{"line":100,"column":15},"end":{"line":100,"column":31}},"loc":{"start":{"line":100,"column":34},"end":{"line":102,"column":1}},"line":100},"2":{"name":"commonAfterEach","decl":{"start":{"line":104,"column":15},"end":{"line":104,"column":30}},"loc":{"start":{"line":104,"column":33},"end":{"line":106,"column":1}},"line":104},"3":{"name":"commonAfterAll","decl":{"start":{"line":108,"column":15},"end":{"line":108,"column":29}},"loc":{"start":{"line":108,"column":32},"end":{"line":110,"column":1}},"line":108}},"branchMap":{},"s":{"0":1,"1":1,"2":1,"3":1,"4":1,"5":1,"6":1,"7":1,"8":1,"9":1,"10":1,"11":1,"12":1,"13":1,"14":1,"15":1,"16":1,"17":1,"18":1,"19":1,"20":30,"21":30,"22":1,"23":1,"24":1,"25":1,"26":1},"f":{"0":1,"1":30,"2":30,"3":1},"b":{},"_coverageSchema":"1a1c01bbd47fc00a2c39e90264f33305004495a9","hash":"da46eff5d0d25830042ee0d32b65d35c4ac06b5e"}
,"/home/nogal/spring-board/culm-projects/express-jobly/routes/auth.js": {"path":"/home/nogal/spring-board/culm-projects/express-jobly/routes/auth.js","statementMap":{"0":{"start":{"line":7,"column":19},"end":{"line":7,"column":40}},"1":{"start":{"line":9,"column":13},"end":{"line":9,"column":38}},"2":{"start":{"line":10,"column":16},"end":{"line":10,"column":34}},"3":{"start":{"line":11,"column":15},"end":{"line":11,"column":35}},"4":{"start":{"line":12,"column":24},"end":{"line":12,"column":52}},"5":{"start":{"line":13,"column":23},"end":{"line":13,"column":58}},"6":{"start":{"line":14,"column":27},"end":{"line":14,"column":66}},"7":{"start":{"line":15,"column":28},"end":{"line":15,"column":54}},"8":{"start":{"line":24,"column":0},"end":{"line":39,"column":3}},"9":{"start":{"line":25,"column":2},"end":{"line":38,"column":3}},"10":{"start":{"line":26,"column":22},"end":{"line":26,"column":67}},"11":{"start":{"line":27,"column":4},"end":{"line":30,"column":5}},"12":{"start":{"line":28,"column":19},"end":{"line":28,"column":53}},"13":{"start":{"line":28,"column":45},"end":{"line":28,"column":52}},"14":{"start":{"line":29,"column":6},"end":{"line":29,"column":38}},"15":{"start":{"line":32,"column":35},"end":{"line":32,"column":43}},"16":{"start":{"line":33,"column":17},"end":{"line":33,"column":60}},"17":{"start":{"line":34,"column":18},"end":{"line":34,"column":35}},"18":{"start":{"line":35,"column":4},"end":{"line":35,"column":31}},"19":{"start":{"line":37,"column":4},"end":{"line":37,"column":21}},"20":{"start":{"line":51,"column":0},"end":{"line":65,"column":3}},"21":{"start":{"line":52,"column":2},"end":{"line":64,"column":3}},"22":{"start":{"line":53,"column":22},"end":{"line":53,"column":71}},"23":{"start":{"line":54,"column":4},"end":{"line":57,"column":5}},"24":{"start":{"line":55,"column":19},"end":{"line":55,"column":53}},"25":{"start":{"line":55,"column":45},"end":{"line":55,"column":52}},"26":{"start":{"line":56,"column":6},"end":{"line":56,"column":38}},"27":{"start":{"line":59,"column":20},"end":{"line":59,"column":72}},"28":{"start":{"line":60,"column":18},"end":{"line":60,"column":38}},"29":{"start":{"line":61,"column":4},"end":{"line":61,"column":43}},"30":{"start":{"line":63,"column":4},"end":{"line":63,"column":21}},"31":{"start":{"line":68,"column":0},"end":{"line":68,"column":24}}},"fnMap":{"0":{"name":"(anonymous_0)","decl":{"start":{"line":24,"column":22},"end":{"line":24,"column":23}},"loc":{"start":{"line":24,"column":54},"end":{"line":39,"column":1}},"line":24},"1":{"name":"(anonymous_1)","decl":{"start":{"line":28,"column":40},"end":{"line":28,"column":41}},"loc":{"start":{"line":28,"column":45},"end":{"line":28,"column":52}},"line":28},"2":{"name":"(anonymous_2)","decl":{"start":{"line":51,"column":25},"end":{"line":51,"column":26}},"loc":{"start":{"line":51,"column":57},"end":{"line":65,"column":1}},"line":51},"3":{"name":"(anonymous_3)","decl":{"start":{"line":55,"column":40},"end":{"line":55,"column":41}},"loc":{"start":{"line":55,"column":45},"end":{"line":55,"column":52}},"line":55}},"branchMap":{"0":{"loc":{"start":{"line":27,"column":4},"end":{"line":30,"column":5}},"type":"if","locations":[{"start":{"line":27,"column":4},"end":{"line":30,"column":5}},{"start":{},"end":{}}],"line":27},"1":{"loc":{"start":{"line":54,"column":4},"end":{"line":57,"column":5}},"type":"if","locations":[{"start":{"line":54,"column":4},"end":{"line":57,"column":5}},{"start":{},"end":{}}],"line":54}},"s":{"0":1,"1":1,"2":1,"3":1,"4":1,"5":1,"6":1,"7":1,"8":1,"9":0,"10":0,"11":0,"12":0,"13":0,"14":0,"15":0,"16":0,"17":0,"18":0,"19":0,"20":1,"21":0,"22":0,"23":0,"24":0,"25":0,"26":0,"27":0,"28":0,"29":0,"30":0,"31":1},"f":{"0":0,"1":0,"2":0,"3":0},"b":{"0":[0,0],"1":[0,0]},"_coverageSchema":"1a1c01bbd47fc00a2c39e90264f33305004495a9","hash":"751c52abc38106e721491196bfd403dca7851f62"}
,"/home/nogal/spring-board/culm-projects/express-jobly/routes/companies.js": {"path":"/home/nogal/spring-board/culm-projects/express-jobly/routes/companies.js","statementMap":{"0":{"start":{"line":7,"column":19},"end":{"line":7,"column":40}},"1":{"start":{"line":8,"column":16},"end":{"line":8,"column":34}},"2":{"start":{"line":10,"column":28},"end":{"line":10,"column":54}},"3":{"start":{"line":11,"column":40},"end":{"line":11,"column":69}},"4":{"start":{"line":12,"column":16},"end":{"line":12,"column":44}},"5":{"start":{"line":14,"column":25},"end":{"line":14,"column":62}},"6":{"start":{"line":15,"column":28},"end":{"line":15,"column":68}},"7":{"start":{"line":17,"column":15},"end":{"line":17,"column":35}},"8":{"start":{"line":28,"column":0},"end":{"line":41,"column":3}},"9":{"start":{"line":29,"column":2},"end":{"line":40,"column":3}},"10":{"start":{"line":30,"column":22},"end":{"line":30,"column":69}},"11":{"start":{"line":31,"column":4},"end":{"line":34,"column":5}},"12":{"start":{"line":32,"column":19},"end":{"line":32,"column":53}},"13":{"start":{"line":32,"column":45},"end":{"line":32,"column":52}},"14":{"start":{"line":33,"column":6},"end":{"line":33,"column":38}},"15":{"start":{"line":36,"column":20},"end":{"line":36,"column":50}},"16":{"start":{"line":37,"column":4},"end":{"line":37,"column":45}},"17":{"start":{"line":39,"column":4},"end":{"line":39,"column":21}},"18":{"start":{"line":54,"column":2},"end":{"line":80,"column":5}},"19":{"start":{"line":55,"column":4},"end":{"line":79,"column":5}},"20":{"start":{"line":57,"column":51},"end":{"line":57,"column":60}},"21":{"start":{"line":60,"column":6},"end":{"line":64,"column":7}},"22":{"start":{"line":61,"column":8},"end":{"line":63,"column":9}},"23":{"start":{"line":62,"column":10},"end":{"line":62,"column":88}},"24":{"start":{"line":67,"column":26},"end":{"line":67,"column":66}},"25":{"start":{"line":68,"column":6},"end":{"line":72,"column":7}},"26":{"start":{"line":69,"column":8},"end":{"line":71,"column":9}},"27":{"start":{"line":70,"column":10},"end":{"line":70,"column":71}},"28":{"start":{"line":75,"column":24},"end":{"line":75,"column":83}},"29":{"start":{"line":76,"column":6},"end":{"line":76,"column":37}},"30":{"start":{"line":78,"column":6},"end":{"line":78,"column":23}},"31":{"start":{"line":91,"column":0},"end":{"line":98,"column":3}},"32":{"start":{"line":92,"column":2},"end":{"line":97,"column":3}},"33":{"start":{"line":93,"column":20},"end":{"line":93,"column":56}},"34":{"start":{"line":94,"column":4},"end":{"line":94,"column":33}},"35":{"start":{"line":96,"column":4},"end":{"line":96,"column":21}},"36":{"start":{"line":113,"column":0},"end":{"line":126,"column":3}},"37":{"start":{"line":114,"column":2},"end":{"line":125,"column":3}},"38":{"start":{"line":115,"column":22},"end":{"line":115,"column":72}},"39":{"start":{"line":116,"column":4},"end":{"line":119,"column":5}},"40":{"start":{"line":117,"column":19},"end":{"line":117,"column":53}},"41":{"start":{"line":117,"column":45},"end":{"line":117,"column":52}},"42":{"start":{"line":118,"column":6},"end":{"line":118,"column":38}},"43":{"start":{"line":121,"column":20},"end":{"line":121,"column":69}},"44":{"start":{"line":122,"column":4},"end":{"line":122,"column":33}},"45":{"start":{"line":124,"column":4},"end":{"line":124,"column":21}},"46":{"start":{"line":133,"column":0},"end":{"line":140,"column":3}},"47":{"start":{"line":134,"column":2},"end":{"line":139,"column":3}},"48":{"start":{"line":135,"column":4},"end":{"line":135,"column":44}},"49":{"start":{"line":136,"column":4},"end":{"line":136,"column":52}},"50":{"start":{"line":138,"column":4},"end":{"line":138,"column":21}},"51":{"start":{"line":142,"column":0},"end":{"line":142,"column":24}}},"fnMap":{"0":{"name":"(anonymous_0)","decl":{"start":{"line":28,"column":46},"end":{"line":28,"column":47}},"loc":{"start":{"line":28,"column":78},"end":{"line":41,"column":1}},"line":28},"1":{"name":"(anonymous_1)","decl":{"start":{"line":32,"column":40},"end":{"line":32,"column":41}},"loc":{"start":{"line":32,"column":45},"end":{"line":32,"column":52}},"line":32},"2":{"name":"(anonymous_2)","decl":{"start":{"line":54,"column":18},"end":{"line":54,"column":19}},"loc":{"start":{"line":54,"column":50},"end":{"line":80,"column":3}},"line":54},"3":{"name":"(anonymous_3)","decl":{"start":{"line":91,"column":23},"end":{"line":91,"column":24}},"loc":{"start":{"line":91,"column":55},"end":{"line":98,"column":1}},"line":91},"4":{"name":"(anonymous_4)","decl":{"start":{"line":113,"column":54},"end":{"line":113,"column":55}},"loc":{"start":{"line":113,"column":86},"end":{"line":126,"column":1}},"line":113},"5":{"name":"(anonymous_5)","decl":{"start":{"line":117,"column":40},"end":{"line":117,"column":41}},"loc":{"start":{"line":117,"column":45},"end":{"line":117,"column":52}},"line":117},"6":{"name":"(anonymous_6)","decl":{"start":{"line":133,"column":55},"end":{"line":133,"column":56}},"loc":{"start":{"line":133,"column":87},"end":{"line":140,"column":1}},"line":133}},"branchMap":{"0":{"loc":{"start":{"line":31,"column":4},"end":{"line":34,"column":5}},"type":"if","locations":[{"start":{"line":31,"column":4},"end":{"line":34,"column":5}},{"start":{},"end":{}}],"line":31},"1":{"loc":{"start":{"line":60,"column":6},"end":{"line":64,"column":7}},"type":"if","locations":[{"start":{"line":60,"column":6},"end":{"line":64,"column":7}},{"start":{},"end":{}}],"line":60},"2":{"loc":{"start":{"line":60,"column":10},"end":{"line":60,"column":66}},"type":"binary-expr","locations":[{"start":{"line":60,"column":10},"end":{"line":60,"column":36}},{"start":{"line":60,"column":40},"end":{"line":60,"column":66}}],"line":60},"3":{"loc":{"start":{"line":61,"column":8},"end":{"line":63,"column":9}},"type":"if","locations":[{"start":{"line":61,"column":8},"end":{"line":63,"column":9}},{"start":{},"end":{}}],"line":61},"4":{"loc":{"start":{"line":69,"column":8},"end":{"line":71,"column":9}},"type":"if","locations":[{"start":{"line":69,"column":8},"end":{"line":71,"column":9}},{"start":{},"end":{}}],"line":69},"5":{"loc":{"start":{"line":116,"column":4},"end":{"line":119,"column":5}},"type":"if","locations":[{"start":{"line":116,"column":4},"end":{"line":119,"column":5}},{"start":{},"end":{}}],"line":116}},"s":{"0":1,"1":1,"2":1,"3":1,"4":1,"5":1,"6":1,"7":1,"8":1,"9":0,"10":0,"11":0,"12":0,"13":0,"14":0,"15":0,"16":0,"17":0,"18":1,"19":0,"20":0,"21":0,"22":0,"23":0,"24":0,"25":0,"26":0,"27":0,"28":0,"29":0,"30":0,"31":1,"32":0,"33":0,"34":0,"35":0,"36":1,"37":0,"38":0,"39":0,"40":0,"41":0,"42":0,"43":0,"44":0,"45":0,"46":1,"47":0,"48":0,"49":0,"50":0,"51":1},"f":{"0":0,"1":0,"2":0,"3":0,"4":0,"5":0,"6":0},"b":{"0":[0,0],"1":[0,0],"2":[0,0],"3":[0,0],"4":[0,0],"5":[0,0]},"_coverageSchema":"1a1c01bbd47fc00a2c39e90264f33305004495a9","hash":"4b7f96b90e0d35e29d4b833d8a7a2f63f673dc50"}
,"/home/nogal/spring-board/culm-projects/express-jobly/routes/jobs.js": {"path":"/home/nogal/spring-board/culm-projects/express-jobly/routes/jobs.js","statementMap":{"0":{"start":{"line":5,"column":19},"end":{"line":5,"column":40}},"1":{"start":{"line":6,"column":16},"end":{"line":6,"column":34}},"2":{"start":{"line":8,"column":28},"end":{"line":8,"column":54}},"3":{"start":{"line":9,"column":40},"end":{"line":9,"column":69}},"4":{"start":{"line":10,"column":12},"end":{"line":10,"column":36}},"5":{"start":{"line":12,"column":21},"end":{"line":12,"column":54}},"6":{"start":{"line":13,"column":24},"end":{"line":13,"column":60}},"7":{"start":{"line":15,"column":15},"end":{"line":15,"column":35}},"8":{"start":{"line":26,"column":0},"end":{"line":39,"column":3}},"9":{"start":{"line":27,"column":2},"end":{"line":38,"column":3}},"10":{"start":{"line":28,"column":22},"end":{"line":28,"column":65}},"11":{"start":{"line":29,"column":4},"end":{"line":32,"column":5}},"12":{"start":{"line":30,"column":19},"end":{"line":30,"column":53}},"13":{"start":{"line":30,"column":45},"end":{"line":30,"column":52}},"14":{"start":{"line":31,"column":6},"end":{"line":31,"column":38}},"15":{"start":{"line":34,"column":16},"end":{"line":34,"column":42}},"16":{"start":{"line":35,"column":4},"end":{"line":35,"column":41}},"17":{"start":{"line":37,"column":4},"end":{"line":37,"column":21}},"18":{"start":{"line":50,"column":0},"end":{"line":62,"column":5}},"19":{"start":{"line":51,"column":4},"end":{"line":61,"column":5}},"20":{"start":{"line":52,"column":46},"end":{"line":52,"column":55}},"21":{"start":{"line":53,"column":19},"end":{"line":57,"column":8}},"22":{"start":{"line":58,"column":6},"end":{"line":58,"column":32}},"23":{"start":{"line":60,"column":6},"end":{"line":60,"column":23}},"24":{"start":{"line":72,"column":0},"end":{"line":79,"column":3}},"25":{"start":{"line":73,"column":2},"end":{"line":78,"column":3}},"26":{"start":{"line":74,"column":16},"end":{"line":74,"column":44}},"27":{"start":{"line":75,"column":4},"end":{"line":75,"column":29}},"28":{"start":{"line":77,"column":4},"end":{"line":77,"column":21}},"29":{"start":{"line":92,"column":0},"end":{"line":105,"column":3}},"30":{"start":{"line":93,"column":2},"end":{"line":104,"column":3}},"31":{"start":{"line":94,"column":22},"end":{"line":94,"column":68}},"32":{"start":{"line":95,"column":4},"end":{"line":98,"column":5}},"33":{"start":{"line":96,"column":19},"end":{"line":96,"column":53}},"34":{"start":{"line":96,"column":45},"end":{"line":96,"column":52}},"35":{"start":{"line":97,"column":6},"end":{"line":97,"column":38}},"36":{"start":{"line":100,"column":16},"end":{"line":100,"column":57}},"37":{"start":{"line":101,"column":4},"end":{"line":101,"column":29}},"38":{"start":{"line":103,"column":4},"end":{"line":103,"column":21}},"39":{"start":{"line":112,"column":0},"end":{"line":119,"column":3}},"40":{"start":{"line":113,"column":2},"end":{"line":118,"column":3}},"41":{"start":{"line":114,"column":4},"end":{"line":114,"column":36}},"42":{"start":{"line":115,"column":4},"end":{"line":115,"column":48}},"43":{"start":{"line":117,"column":4},"end":{"line":117,"column":21}},"44":{"start":{"line":121,"column":0},"end":{"line":121,"column":24}}},"fnMap":{"0":{"name":"(anonymous_0)","decl":{"start":{"line":26,"column":46},"end":{"line":26,"column":47}},"loc":{"start":{"line":26,"column":78},"end":{"line":39,"column":1}},"line":26},"1":{"name":"(anonymous_1)","decl":{"start":{"line":30,"column":40},"end":{"line":30,"column":41}},"loc":{"start":{"line":30,"column":45},"end":{"line":30,"column":52}},"line":30},"2":{"name":"(anonymous_2)","decl":{"start":{"line":50,"column":16},"end":{"line":50,"column":17}},"loc":{"start":{"line":50,"column":48},"end":{"line":62,"column":3}},"line":50},"3":{"name":"(anonymous_3)","decl":{"start":{"line":72,"column":19},"end":{"line":72,"column":20}},"loc":{"start":{"line":72,"column":51},"end":{"line":79,"column":1}},"line":72},"4":{"name":"(anonymous_4)","decl":{"start":{"line":92,"column":50},"end":{"line":92,"column":51}},"loc":{"start":{"line":92,"column":82},"end":{"line":105,"column":1}},"line":92},"5":{"name":"(anonymous_5)","decl":{"start":{"line":96,"column":40},"end":{"line":96,"column":41}},"loc":{"start":{"line":96,"column":45},"end":{"line":96,"column":52}},"line":96},"6":{"name":"(anonymous_6)","decl":{"start":{"line":112,"column":51},"end":{"line":112,"column":52}},"loc":{"start":{"line":112,"column":83},"end":{"line":119,"column":1}},"line":112}},"branchMap":{"0":{"loc":{"start":{"line":29,"column":4},"end":{"line":32,"column":5}},"type":"if","locations":[{"start":{"line":29,"column":4},"end":{"line":32,"column":5}},{"start":{},"end":{}}],"line":29},"1":{"loc":{"start":{"line":55,"column":19},"end":{"line":55,"column":53}},"type":"cond-expr","locations":[{"start":{"line":55,"column":31},"end":{"line":55,"column":41}},{"start":{"line":55,"column":44},"end":{"line":55,"column":53}}],"line":55},"2":{"loc":{"start":{"line":95,"column":4},"end":{"line":98,"column":5}},"type":"if","locations":[{"start":{"line":95,"column":4},"end":{"line":98,"column":5}},{"start":{},"end":{}}],"line":95}},"s":{"0":1,"1":1,"2":1,"3":1,"4":1,"5":1,"6":1,"7":1,"8":1,"9":0,"10":0,"11":0,"12":0,"13":0,"14":0,"15":0,"16":0,"17":0,"18":1,"19":0,"20":0,"21":0,"22":0,"23":0,"24":1,"25":0,"26":0,"27":0,"28":0,"29":1,"30":0,"31":0,"32":0,"33":0,"34":0,"35":0,"36":0,"37":0,"38":0,"39":1,"40":0,"41":0,"42":0,"43":0,"44":1},"f":{"0":0,"1":0,"2":0,"3":0,"4":0,"5":0,"6":0},"b":{"0":[0,0],"1":[0,0],"2":[0,0]},"_coverageSchema":"1a1c01bbd47fc00a2c39e90264f33305004495a9","hash":"8dfd063d42f9943c863685aee59c91d61d0c08a5"}
,"/home/nogal/spring-board/culm-projects/express-jobly/routes/users.js": {"path":"/home/nogal/spring-board/culm-projects/express-jobly/routes/users.js","statementMap":{"0":{"start":{"line":5,"column":19},"end":{"line":5,"column":40}},"1":{"start":{"line":7,"column":16},"end":{"line":7,"column":34}},"2":{"start":{"line":8,"column":66},"end":{"line":8,"column":95}},"3":{"start":{"line":9,"column":28},"end":{"line":9,"column":54}},"4":{"start":{"line":10,"column":13},"end":{"line":10,"column":38}},"5":{"start":{"line":11,"column":24},"end":{"line":11,"column":52}},"6":{"start":{"line":12,"column":22},"end":{"line":12,"column":56}},"7":{"start":{"line":13,"column":25},"end":{"line":13,"column":62}},"8":{"start":{"line":14,"column":11},"end":{"line":14,"column":27}},"9":{"start":{"line":17,"column":15},"end":{"line":17,"column":31}},"10":{"start":{"line":25,"column":0},"end":{"line":45,"column":3}},"11":{"start":{"line":26,"column":2},"end":{"line":44,"column":3}},"12":{"start":{"line":27,"column":29},"end":{"line":27,"column":39}},"13":{"start":{"line":30,"column":32},"end":{"line":33,"column":5}},"14":{"start":{"line":35,"column":4},"end":{"line":38,"column":5}},"15":{"start":{"line":37,"column":6},"end":{"line":37,"column":39}},"16":{"start":{"line":40,"column":4},"end":{"line":40,"column":40}},"17":{"start":{"line":41,"column":4},"end":{"line":41,"column":37}},"18":{"start":{"line":43,"column":4},"end":{"line":43,"column":21}},"19":{"start":{"line":61,"column":0},"end":{"line":75,"column":3}},"20":{"start":{"line":62,"column":2},"end":{"line":74,"column":3}},"21":{"start":{"line":63,"column":22},"end":{"line":63,"column":66}},"22":{"start":{"line":64,"column":4},"end":{"line":67,"column":5}},"23":{"start":{"line":65,"column":19},"end":{"line":65,"column":53}},"24":{"start":{"line":65,"column":45},"end":{"line":65,"column":52}},"25":{"start":{"line":66,"column":6},"end":{"line":66,"column":38}},"26":{"start":{"line":69,"column":17},"end":{"line":69,"column":46}},"27":{"start":{"line":70,"column":18},"end":{"line":70,"column":35}},"28":{"start":{"line":71,"column":4},"end":{"line":71,"column":49}},"29":{"start":{"line":73,"column":4},"end":{"line":73,"column":21}},"30":{"start":{"line":85,"column":0},"end":{"line":92,"column":3}},"31":{"start":{"line":86,"column":2},"end":{"line":91,"column":3}},"32":{"start":{"line":87,"column":18},"end":{"line":87,"column":38}},"33":{"start":{"line":88,"column":4},"end":{"line":88,"column":31}},"34":{"start":{"line":90,"column":4},"end":{"line":90,"column":21}},"35":{"start":{"line":103,"column":0},"end":{"line":110,"column":3}},"36":{"start":{"line":104,"column":2},"end":{"line":109,"column":3}},"37":{"start":{"line":105,"column":17},"end":{"line":105,"column":52}},"38":{"start":{"line":106,"column":4},"end":{"line":106,"column":30}},"39":{"start":{"line":108,"column":4},"end":{"line":108,"column":21}},"40":{"start":{"line":123,"column":0},"end":{"line":136,"column":3}},"41":{"start":{"line":124,"column":2},"end":{"line":135,"column":3}},"42":{"start":{"line":125,"column":22},"end":{"line":125,"column":69}},"43":{"start":{"line":126,"column":4},"end":{"line":129,"column":5}},"44":{"start":{"line":127,"column":19},"end":{"line":127,"column":53}},"45":{"start":{"line":127,"column":45},"end":{"line":127,"column":52}},"46":{"start":{"line":128,"column":6},"end":{"line":128,"column":38}},"47":{"start":{"line":131,"column":17},"end":{"line":131,"column":65}},"48":{"start":{"line":132,"column":4},"end":{"line":132,"column":30}},"49":{"start":{"line":134,"column":4},"end":{"line":134,"column":21}},"50":{"start":{"line":144,"column":0},"end":{"line":151,"column":3}},"51":{"start":{"line":145,"column":2},"end":{"line":150,"column":3}},"52":{"start":{"line":146,"column":4},"end":{"line":146,"column":43}},"53":{"start":{"line":147,"column":4},"end":{"line":147,"column":54}},"54":{"start":{"line":149,"column":4},"end":{"line":149,"column":21}},"55":{"start":{"line":154,"column":0},"end":{"line":154,"column":24}}},"fnMap":{"0":{"name":"(anonymous_0)","decl":{"start":{"line":25,"column":61},"end":{"line":25,"column":62}},"loc":{"start":{"line":25,"column":93},"end":{"line":45,"column":1}},"line":25},"1":{"name":"(anonymous_1)","decl":{"start":{"line":61,"column":46},"end":{"line":61,"column":47}},"loc":{"start":{"line":61,"column":78},"end":{"line":75,"column":1}},"line":61},"2":{"name":"(anonymous_2)","decl":{"start":{"line":65,"column":40},"end":{"line":65,"column":41}},"loc":{"start":{"line":65,"column":45},"end":{"line":65,"column":52}},"line":65},"3":{"name":"(anonymous_3)","decl":{"start":{"line":85,"column":45},"end":{"line":85,"column":46}},"loc":{"start":{"line":85,"column":77},"end":{"line":92,"column":1}},"line":85},"4":{"name":"(anonymous_4)","decl":{"start":{"line":103,"column":68},"end":{"line":103,"column":69}},"loc":{"start":{"line":103,"column":100},"end":{"line":110,"column":1}},"line":103},"5":{"name":"(anonymous_5)","decl":{"start":{"line":123,"column":69},"end":{"line":123,"column":70}},"loc":{"start":{"line":123,"column":101},"end":{"line":136,"column":1}},"line":123},"6":{"name":"(anonymous_6)","decl":{"start":{"line":127,"column":40},"end":{"line":127,"column":41}},"loc":{"start":{"line":127,"column":45},"end":{"line":127,"column":52}},"line":127},"7":{"name":"(anonymous_7)","decl":{"start":{"line":144,"column":70},"end":{"line":144,"column":71}},"loc":{"start":{"line":144,"column":102},"end":{"line":151,"column":1}},"line":144}},"branchMap":{"0":{"loc":{"start":{"line":35,"column":4},"end":{"line":38,"column":5}},"type":"if","locations":[{"start":{"line":35,"column":4},"end":{"line":38,"column":5}},{"start":{},"end":{}}],"line":35},"1":{"loc":{"start":{"line":64,"column":4},"end":{"line":67,"column":5}},"type":"if","locations":[{"start":{"line":64,"column":4},"end":{"line":67,"column":5}},{"start":{},"end":{}}],"line":64},"2":{"loc":{"start":{"line":126,"column":4},"end":{"line":129,"column":5}},"type":"if","locations":[{"start":{"line":126,"column":4},"end":{"line":129,"column":5}},{"start":{},"end":{}}],"line":126}},"s":{"0":1,"1":1,"2":1,"3":1,"4":1,"5":1,"6":1,"7":1,"8":1,"9":1,"10":1,"11":2,"12":2,"13":2,"14":2,"15":2,"16":0,"17":0,"18":0,"19":1,"20":4,"21":4,"22":4,"23":2,"24":5,"25":2,"26":2,"27":2,"28":2,"29":2,"30":1,"31":2,"32":2,"33":1,"34":1,"35":1,"36":3,"37":3,"38":2,"39":1,"40":1,"41":5,"42":5,"43":5,"44":1,"45":1,"46":1,"47":4,"48":3,"49":2,"50":1,"51":3,"52":3,"53":2,"54":1,"55":1},"f":{"0":2,"1":4,"2":5,"3":2,"4":3,"5":5,"6":1,"7":3},"b":{"0":[2,0],"1":[2,2],"2":[1,4]},"_coverageSchema":"1a1c01bbd47fc00a2c39e90264f33305004495a9","hash":"37d15ce343acd8969c549851206b3e6ae96a36e3"}
}
