TN:
SF:app.js
FN:32,(anonymous_0)
FN:37,(anonymous_1)
FNF:2
FNH:1
FNDA:0,(anonymous_0)
FNDA:18,(anonymous_1)
DA:5,1
DA:6,1
DA:8,1
DA:10,1
DA:11,1
DA:12,1
DA:13,1
DA:14,1
DA:16,1
DA:18,1
DA:20,1
DA:21,1
DA:22,1
DA:23,1
DA:25,1
DA:26,1
DA:27,1
DA:28,1
DA:32,1
DA:33,0
DA:37,1
DA:38,18
DA:39,18
DA:40,18
DA:42,18
DA:47,1
LF:26
LH:25
BRDA:38,0,0,0
BRDA:38,0,1,18
BRDA:39,1,0,18
BRDA:39,1,1,1
BRF:4
BRH:3
end_of_record
TN:
SF:config.js
FN:13,getDatabaseUri
FNF:1
FNH:1
FNDA:2,getDatabaseUri
DA:5,1
DA:6,1
DA:8,1
DA:10,1
DA:14,2
DA:22,1
DA:24,1
DA:25,1
DA:26,1
DA:27,1
DA:28,1
DA:29,1
DA:31,1
LF:13
LH:13
BRDA:8,0,0,1
BRDA:8,0,1,1
BRDA:10,1,0,1
BRDA:10,1,1,1
BRDA:14,2,0,2
BRDA:14,2,1,0
BRDA:16,3,0,0
BRDA:16,3,1,0
BRDA:22,4,0,1
BRDA:22,4,1,0
BRF:10
BRH:6
end_of_record
TN:
SF:db.js
FNF:0
FNH:0
DA:3,1
DA:4,1
DA:8,1
DA:9,0
DA:16,1
DA:21,1
DA:23,1
LF:7
LH:6
BRDA:8,0,0,0
BRDA:8,0,1,1
BRF:2
BRH:1
end_of_record
TN:
SF:expressError.js
FN:8,(anonymous_0)
FN:18,(anonymous_1)
FN:26,(anonymous_2)
FN:34,(anonymous_3)
FN:42,(anonymous_4)
FNF:5
FNH:5
FNDA:17,(anonymous_0)
FNDA:3,(anonymous_1)
FNDA:5,(anonymous_2)
FNDA:3,(anonymous_3)
FNDA:6,(anonymous_4)
DA:9,17
DA:10,17
DA:11,17
DA:19,3
DA:27,5
DA:35,3
DA:43,6
DA:47,1
LF:8
LH:8
BRDA:18,0,0,0
BRDA:26,1,0,5
BRDA:34,2,0,0
BRDA:42,3,0,6
BRF:4
BRH:2
end_of_record
TN:
SF:helpers/sql.js
FN:30,sqlForPartialUpdate
FN:37,(anonymous_1)
FNF:2
FNH:2
FNDA:4,sqlForPartialUpdate
FNDA:4,(anonymous_1)
DA:27,1
DA:31,4
DA:32,0
DA:34,4
DA:35,4
DA:37,4
DA:38,4
DA:41,4
DA:48,1
LF:9
LH:8
BRDA:30,0,0,0
BRDA:31,1,0,0
BRDA:31,1,1,4
BRDA:35,2,0,0
BRDA:35,2,1,4
BRDA:38,3,0,4
BRDA:38,3,1,1
BRF:7
BRH:4
end_of_record
TN:
SF:helpers/tokens.js
FN:8,createToken
FNF:1
FNH:1
FNDA:5,createToken
DA:3,1
DA:4,1
DA:9,5
DA:12,5
DA:17,5
DA:18,5
DA:19,5
DA:23,1
LF:8
LH:8
BRDA:14,0,0,5
BRDA:14,0,1,3
BRF:2
BRH:2
end_of_record
TN:
SF:middleware/auth.js
FN:20,authenticateJWT
FN:40,ensureLoggedIn
FN:54,ensureAdmin
FN:69,ensureCorrectUserOrAdmin
FNF:4
FNH:4
FNDA:30,authenticateJWT
FNDA:27,ensureLoggedIn
FNDA:8,ensureAdmin
FNDA:17,ensureCorrectUserOrAdmin
DA:7,1
DA:8,1
DA:9,1
DA:21,30
DA:22,30
DA:23,30
DA:24,25
DA:25,25
DA:27,30
DA:28,30
DA:30,0
DA:31,0
DA:41,27
DA:42,27
DA:43,22
DA:45,5
DA:55,8
DA:56,8
DA:57,0
DA:59,8
DA:60,2
DA:62,6
DA:64,2
DA:70,17
DA:71,17
DA:72,17
DA:73,4
DA:75,13
DA:77,4
DA:81,1
LF:30
LH:27
BRDA:22,0,0,30
BRDA:22,0,1,30
BRDA:23,1,0,25
BRDA:23,1,1,5
BRDA:42,2,0,5
BRDA:42,2,1,22
BRDA:56,3,0,0
BRDA:56,3,1,8
BRDA:59,4,0,2
BRDA:59,4,1,6
BRDA:72,5,0,4
BRDA:72,5,1,13
BRDA:72,6,0,17
BRDA:72,6,1,17
BRDA:72,6,2,10
BRF:15
BRH:14
end_of_record
TN:
SF:models/company.js
FN:21,(anonymous_0)
FN:54,(anonymous_1)
FN:101,(anonymous_2)
FN:143,(anonymous_3)
FN:173,(anonymous_4)
FNF:5
FNH:1
FNDA:3,(anonymous_0)
FNDA:0,(anonymous_1)
FNDA:0,(anonymous_2)
FNDA:0,(anonymous_3)
FNDA:0,(anonymous_4)
DA:5,1
DA:6,1
DA:7,1
DA:22,3
DA:28,3
DA:29,0
DA:31,3
DA:44,3
DA:46,3
DA:55,0
DA:61,0
DA:62,0
DA:65,0
DA:66,0
DA:67,0
DA:71,0
DA:72,0
DA:73,0
DA:77,0
DA:78,0
DA:79,0
DA:82,0
DA:83,0
DA:86,0
DA:87,0
DA:88,0
DA:102,0
DA:113,0
DA:115,0
DA:117,0
DA:125,0
DA:127,0
DA:144,0
DA:150,0
DA:152,0
DA:160,0
DA:161,0
DA:163,0
DA:165,0
DA:174,0
DA:180,0
DA:182,0
DA:187,1
LF:43
LH:9
BRDA:28,0,0,0
BRDA:28,0,1,3
BRDA:54,1,0,0
BRDA:65,2,0,0
BRDA:65,2,1,0
BRDA:71,3,0,0
BRDA:71,3,1,0
BRDA:77,4,0,0
BRDA:77,4,1,0
BRDA:82,5,0,0
BRDA:82,5,1,0
BRDA:115,6,0,0
BRDA:115,6,1,0
BRDA:163,7,0,0
BRDA:163,7,1,0
BRDA:182,8,0,0
BRDA:182,8,1,0
BRF:17
BRH:1
end_of_record
TN:
SF:models/job.js
FN:22,(anonymous_0)
FN:44,(anonymous_1)
FN:85,(anonymous_2)
FN:116,(anonymous_3)
FN:138,(anonymous_4)
FNF:5
FNH:1
FNDA:3,(anonymous_0)
FNDA:0,(anonymous_1)
FNDA:0,(anonymous_2)
FNDA:0,(anonymous_3)
FNDA:0,(anonymous_4)
DA:3,1
DA:4,1
DA:8,1
DA:23,3
DA:32,3
DA:33,3
DA:34,3
DA:45,0
DA:51,0
DA:52,0
DA:54,0
DA:55,0
DA:56,0
DA:59,0
DA:60,0
DA:61,0
DA:64,0
DA:65,0
DA:68,0
DA:69,0
DA:72,0
DA:73,0
DA:74,0
DA:86,0
DA:97,0
DA:99,0
DA:101,0
DA:117,0
DA:118,0
DA:120,0
DA:128,0
DA:129,0
DA:131,0
DA:133,0
DA:139,0
DA:146,0
DA:148,0
DA:152,1
LF:38
LH:8
BRDA:44,0,0,0
BRDA:54,1,0,0
BRDA:54,1,1,0
BRDA:59,2,0,0
BRDA:59,2,1,0
BRDA:64,3,0,0
BRDA:64,3,1,0
BRDA:68,4,0,0
BRDA:68,4,1,0
BRDA:99,5,0,0
BRDA:99,5,1,0
BRDA:131,6,0,0
BRDA:131,6,1,0
BRDA:148,7,0,0
BRDA:148,7,1,0
BRF:15
BRH:0
end_of_record
TN:
SF:models/user.js
FN:24,(anonymous_0)
FN:59,(anonymous_1)
FN:104,(anonymous_2)
FN:126,(anonymous_3)
FN:166,(anonymous_4)
FN:199,(anonymous_5)
FN:216,(anonymous_6)
FN:246,(anonymous_7)
FN:267,(anonymous_8)
FNF:9
FNH:7
FNDA:1,(anonymous_0)
FNDA:5,(anonymous_1)
FNDA:2,(anonymous_2)
FNDA:0,(anonymous_3)
FNDA:4,(anonymous_4)
FNDA:3,(anonymous_5)
FNDA:0,(anonymous_6)
FNDA:3,(anonymous_7)
FNDA:4,(anonymous_8)
DA:3,1
DA:4,1
DA:5,1
DA:10,1
DA:12,1
DA:26,1
DA:38,1
DA:40,1
DA:42,1
DA:43,1
DA:44,1
DA:45,1
DA:49,0
DA:61,5
DA:68,5
DA:69,0
DA:72,5
DA:74,5
DA:94,5
DA:96,5
DA:105,2
DA:115,1
DA:127,0
DA:141,0
DA:143,0
DA:145,0
DA:167,4
DA:168,1
DA:171,4
DA:178,4
DA:180,4
DA:188,4
DA:189,4
DA:191,4
DA:193,3
DA:194,3
DA:200,3
DA:207,3
DA:209,3
DA:217,0
DA:221,0
DA:223,0
DA:225,0
DA:229,0
DA:231,0
DA:233,0
DA:238,0
DA:247,3
DA:257,3
DA:259,3
DA:261,2
DA:267,4
DA:269,2
DA:274,1
LF:54
LH:40
BRDA:40,0,0,1
BRDA:40,0,1,0
BRDA:43,1,0,1
BRDA:43,1,1,0
BRDA:68,2,0,0
BRDA:68,2,1,5
BRDA:143,3,0,0
BRDA:143,3,1,0
BRDA:167,4,0,1
BRDA:167,4,1,3
BRDA:191,5,0,1
BRDA:191,5,1,3
BRDA:209,6,0,1
BRDA:209,6,1,2
BRDA:223,7,0,0
BRDA:223,7,1,0
BRDA:231,8,0,0
BRDA:231,8,1,0
BRDA:259,9,0,1
BRDA:259,9,1,2
BRF:20
BRH:11
end_of_record
TN:
SF:routes/_testCommon.js
FN:9,commonBeforeAll
FN:100,commonBeforeEach
FN:104,commonAfterEach
FN:108,commonAfterAll
FNF:4
FNH:4
FNDA:1,commonBeforeAll
FNDA:30,commonBeforeEach
FNDA:30,commonAfterEach
FNDA:1,commonAfterAll
DA:3,1
DA:4,1
DA:5,1
DA:6,1
DA:7,1
DA:11,1
DA:12,1
DA:13,1
DA:14,1
DA:15,1
DA:18,1
DA:26,1
DA:34,1
DA:43,1
DA:52,1
DA:61,1
DA:71,1
DA:78,1
DA:85,1
DA:93,1
DA:101,30
DA:105,30
DA:109,1
DA:113,1
DA:114,1
DA:115,1
DA:117,1
LF:27
LH:27
BRF:0
BRH:0
end_of_record
TN:
SF:routes/auth.js
FN:24,(anonymous_0)
FN:28,(anonymous_1)
FN:51,(anonymous_2)
FN:55,(anonymous_3)
FNF:4
FNH:0
FNDA:0,(anonymous_0)
FNDA:0,(anonymous_1)
FNDA:0,(anonymous_2)
FNDA:0,(anonymous_3)
DA:7,1
DA:9,1
DA:10,1
DA:11,1
DA:12,1
DA:13,1
DA:14,1
DA:15,1
DA:24,1
DA:25,0
DA:26,0
DA:27,0
DA:28,0
DA:29,0
DA:32,0
DA:33,0
DA:34,0
DA:35,0
DA:37,0
DA:51,1
DA:52,0
DA:53,0
DA:54,0
DA:55,0
DA:56,0
DA:59,0
DA:60,0
DA:61,0
DA:63,0
DA:68,1
LF:30
LH:11
BRDA:27,0,0,0
BRDA:27,0,1,0
BRDA:54,1,0,0
BRDA:54,1,1,0
BRF:4
BRH:0
end_of_record
TN:
SF:routes/companies.js
FN:28,(anonymous_0)
FN:32,(anonymous_1)
FN:54,(anonymous_2)
FN:91,(anonymous_3)
FN:113,(anonymous_4)
FN:117,(anonymous_5)
FN:133,(anonymous_6)
FNF:7
FNH:0
FNDA:0,(anonymous_0)
FNDA:0,(anonymous_1)
FNDA:0,(anonymous_2)
FNDA:0,(anonymous_3)
FNDA:0,(anonymous_4)
FNDA:0,(anonymous_5)
FNDA:0,(anonymous_6)
DA:7,1
DA:8,1
DA:10,1
DA:11,1
DA:12,1
DA:14,1
DA:15,1
DA:17,1
DA:28,1
DA:29,0
DA:30,0
DA:31,0
DA:32,0
DA:33,0
DA:36,0
DA:37,0
DA:39,0
DA:54,1
DA:55,0
DA:57,0
DA:60,0
DA:61,0
DA:62,0
DA:67,0
DA:68,0
DA:69,0
DA:70,0
DA:75,0
DA:76,0
DA:78,0
DA:91,1
DA:92,0
DA:93,0
DA:94,0
DA:96,0
DA:113,1
DA:114,0
DA:115,0
DA:116,0
DA:117,0
DA:118,0
DA:121,0
DA:122,0
DA:124,0
DA:133,1
DA:134,0
DA:135,0
DA:136,0
DA:138,0
DA:142,1
LF:50
LH:14
BRDA:31,0,0,0
BRDA:31,0,1,0
BRDA:60,1,0,0
BRDA:60,1,1,0
BRDA:60,2,0,0
BRDA:60,2,1,0
BRDA:61,3,0,0
BRDA:61,3,1,0
BRDA:69,4,0,0
BRDA:69,4,1,0
BRDA:116,5,0,0
BRDA:116,5,1,0
BRF:12
BRH:0
end_of_record
TN:
SF:routes/jobs.js
FN:26,(anonymous_0)
FN:30,(anonymous_1)
FN:50,(anonymous_2)
FN:72,(anonymous_3)
FN:92,(anonymous_4)
FN:96,(anonymous_5)
FN:112,(anonymous_6)
FNF:7
FNH:0
FNDA:0,(anonymous_0)
FNDA:0,(anonymous_1)
FNDA:0,(anonymous_2)
FNDA:0,(anonymous_3)
FNDA:0,(anonymous_4)
FNDA:0,(anonymous_5)
FNDA:0,(anonymous_6)
DA:5,1
DA:6,1
DA:8,1
DA:9,1
DA:10,1
DA:12,1
DA:13,1
DA:15,1
DA:26,1
DA:27,0
DA:28,0
DA:29,0
DA:30,0
DA:31,0
DA:34,0
DA:35,0
DA:37,0
DA:50,1
DA:51,0
DA:52,0
DA:53,0
DA:58,0
DA:60,0
DA:72,1
DA:73,0
DA:74,0
DA:75,0
DA:77,0
DA:92,1
DA:93,0
DA:94,0
DA:95,0
DA:96,0
DA:97,0
DA:100,0
DA:101,0
DA:103,0
DA:112,1
DA:113,0
DA:114,0
DA:115,0
DA:117,0
DA:121,1
LF:43
LH:14
BRDA:29,0,0,0
BRDA:29,0,1,0
BRDA:55,1,0,0
BRDA:55,1,1,0
BRDA:95,2,0,0
BRDA:95,2,1,0
BRF:6
BRH:0
end_of_record
TN:
SF:routes/users.js
FN:25,(anonymous_0)
FN:61,(anonymous_1)
FN:65,(anonymous_2)
FN:85,(anonymous_3)
FN:103,(anonymous_4)
FN:123,(anonymous_5)
FN:127,(anonymous_6)
FN:144,(anonymous_7)
FNF:8
FNH:8
FNDA:2,(anonymous_0)
FNDA:4,(anonymous_1)
FNDA:5,(anonymous_2)
FNDA:2,(anonymous_3)
FNDA:3,(anonymous_4)
FNDA:5,(anonymous_5)
FNDA:1,(anonymous_6)
FNDA:3,(anonymous_7)
DA:5,1
DA:7,1
DA:8,1
DA:9,1
DA:10,1
DA:11,1
DA:12,1
DA:13,1
DA:14,1
DA:17,1
DA:25,1
DA:26,2
DA:27,2
DA:30,2
DA:35,2
DA:37,2
DA:40,0
DA:41,0
DA:43,0
DA:61,1
DA:62,4
DA:63,4
DA:64,4
DA:65,5
DA:66,2
DA:69,2
DA:70,2
DA:71,2
DA:73,2
DA:85,1
DA:86,2
DA:87,2
DA:88,1
DA:90,1
DA:103,1
DA:104,3
DA:105,3
DA:106,2
DA:108,1
DA:123,1
DA:124,5
DA:125,5
DA:126,5
DA:127,1
DA:128,1
DA:131,4
DA:132,3
DA:134,2
DA:144,1
DA:145,3
DA:146,3
DA:147,2
DA:149,1
DA:154,1
LF:54
LH:51
BRDA:35,0,0,2
BRDA:35,0,1,0
BRDA:64,1,0,2
BRDA:64,1,1,2
BRDA:126,2,0,1
BRDA:126,2,1,4
BRF:6
BRH:5
end_of_record
