TN:
SF:app.js
FN:30,(anonymous_0)
FN:35,(anonymous_1)
FNF:2
FNH:1
FNDA:0,(anonymous_0)
FNDA:13,(anonymous_1)
DA:5,1
DA:6,1
DA:8,1
DA:10,1
DA:11,1
DA:12,1
DA:13,1
DA:15,1
DA:17,1
DA:19,1
DA:20,1
DA:21,1
DA:22,1
DA:24,1
DA:25,1
DA:26,1
DA:30,1
DA:31,0
DA:35,1
DA:36,13
DA:37,13
DA:38,13
DA:40,13
DA:45,1
LF:24
LH:23
BRDA:36,0,0,0
BRDA:36,0,1,13
BRDA:37,1,0,13
BRDA:37,1,1,2
BRF:4
BRH:3
end_of_record
TN:
SF:config.js
FN:13,getDatabaseUri
FNF:1
FNH:1
FNDA:2,getDatabaseUri
DA:5,1
DA:6,1
DA:8,1
DA:10,1
DA:14,2
DA:22,1
DA:24,1
DA:25,1
DA:26,1
DA:27,1
DA:28,1
DA:29,1
DA:31,1
LF:13
LH:13
BRDA:8,0,0,1
BRDA:8,0,1,1
BRDA:10,1,0,1
BRDA:10,1,1,1
BRDA:14,2,0,2
BRDA:14,2,1,0
BRDA:16,3,0,0
BRDA:16,3,1,0
BRDA:22,4,0,1
BRDA:22,4,1,0
BRF:10
BRH:6
end_of_record
TN:
SF:db.js
FNF:0
FNH:0
DA:3,1
DA:4,1
DA:8,1
DA:9,0
DA:16,1
DA:21,1
DA:23,1
LF:7
LH:6
BRDA:8,0,0,0
BRDA:8,0,1,1
BRF:2
BRH:1
end_of_record
TN:
SF:expressError.js
FN:8,(anonymous_0)
FN:18,(anonymous_1)
FN:26,(anonymous_2)
FN:34,(anonymous_3)
FN:42,(anonymous_4)
FNF:5
FNH:4
FNDA:11,(anonymous_0)
FNDA:3,(anonymous_1)
FNDA:2,(anonymous_2)
FNDA:6,(anonymous_3)
FNDA:0,(anonymous_4)
DA:9,11
DA:10,11
DA:11,11
DA:19,3
DA:27,2
DA:35,6
DA:43,0
DA:47,1
LF:8
LH:7
BRDA:18,0,0,0
BRDA:26,1,0,2
BRDA:34,2,0,0
BRDA:42,3,0,0
BRF:4
BRH:1
end_of_record
TN:
SF:helpers/sql.js
FN:30,sqlForPartialUpdate
FN:37,(anonymous_1)
FNF:2
FNH:2
FNDA:2,sqlForPartialUpdate
FNDA:2,(anonymous_1)
DA:27,1
DA:31,2
DA:32,0
DA:34,2
DA:35,2
DA:37,2
DA:38,2
DA:41,2
DA:48,1
LF:9
LH:8
BRDA:30,0,0,0
BRDA:31,1,0,0
BRDA:31,1,1,2
BRDA:35,2,0,0
BRDA:35,2,1,2
BRDA:38,3,0,2
BRDA:38,3,1,2
BRF:7
BRH:4
end_of_record
TN:
SF:helpers/tokens.js
FN:6,createToken
FNF:1
FNH:1
FNDA:1,createToken
DA:1,1
DA:2,1
DA:7,1
DA:10,1
DA:15,1
DA:18,1
LF:6
LH:6
BRDA:12,0,0,1
BRDA:12,0,1,1
BRF:2
BRH:2
end_of_record
TN:
SF:middleware/auth.js
FN:18,authenticateJWT
FN:36,ensureLoggedIn
FNF:2
FNH:2
FNDA:24,authenticateJWT
FNDA:11,ensureLoggedIn
DA:5,1
DA:6,1
DA:7,1
DA:19,24
DA:20,24
DA:21,24
DA:22,11
DA:23,11
DA:25,24
DA:27,0
DA:37,11
DA:38,11
DA:39,9
DA:41,2
DA:46,1
LF:15
LH:14
BRDA:20,0,0,24
BRDA:20,0,1,24
BRDA:21,1,0,11
BRDA:21,1,1,13
BRDA:38,2,0,2
BRDA:38,2,1,9
BRF:6
BRH:6
end_of_record
TN:
SF:models/company.js
FN:21,(anonymous_0)
FN:54,(anonymous_1)
FN:99,(anonymous_2)
FN:129,(anonymous_3)
FN:159,(anonymous_4)
FNF:5
FNH:5
FNDA:4,(anonymous_0)
FNDA:8,(anonymous_1)
FNDA:3,(anonymous_2)
FNDA:2,(anonymous_3)
FNDA:2,(anonymous_4)
DA:5,1
DA:6,1
DA:7,1
DA:22,4
DA:28,4
DA:29,0
DA:31,4
DA:44,4
DA:46,4
DA:55,8
DA:61,8
DA:62,8
DA:65,8
DA:66,1
DA:67,1
DA:71,8
DA:72,2
DA:73,2
DA:77,8
DA:78,2
DA:79,2
DA:82,8
DA:83,4
DA:86,8
DA:87,8
DA:88,6
DA:100,3
DA:110,3
DA:112,3
DA:114,2
DA:130,2
DA:136,2
DA:138,2
DA:146,2
DA:147,2
DA:149,2
DA:151,1
DA:160,2
DA:166,2
DA:168,2
DA:173,1
LF:41
LH:40
BRDA:28,0,0,0
BRDA:28,0,1,4
BRDA:54,1,0,0
BRDA:65,2,0,1
BRDA:65,2,1,7
BRDA:71,3,0,2
BRDA:71,3,1,6
BRDA:77,4,0,2
BRDA:77,4,1,6
BRDA:82,5,0,4
BRDA:82,5,1,4
BRDA:112,6,0,1
BRDA:112,6,1,2
BRDA:149,7,0,1
BRDA:149,7,1,1
BRDA:168,8,0,1
BRDA:168,8,1,1
BRF:17
BRH:15
end_of_record
TN:
SF:models/user.js
FN:24,(anonymous_0)
FN:59,(anonymous_1)
FN:104,(anonymous_2)
FN:126,(anonymous_3)
FN:162,(anonymous_4)
FN:195,(anonymous_5)
FNF:6
FNH:1
FNDA:0,(anonymous_0)
FNDA:3,(anonymous_1)
FNDA:0,(anonymous_2)
FNDA:0,(anonymous_3)
FNDA:0,(anonymous_4)
FNDA:0,(anonymous_5)
DA:3,1
DA:4,1
DA:5,1
DA:10,1
DA:12,1
DA:26,0
DA:38,0
DA:40,0
DA:42,0
DA:43,0
DA:44,0
DA:45,0
DA:49,0
DA:61,3
DA:68,3
DA:69,0
DA:72,3
DA:74,3
DA:94,3
DA:96,3
DA:105,0
DA:115,0
DA:127,0
DA:138,0
DA:140,0
DA:142,0
DA:163,0
DA:164,0
DA:167,0
DA:174,0
DA:176,0
DA:184,0
DA:185,0
DA:187,0
DA:189,0
DA:190,0
DA:196,0
DA:203,0
DA:205,0
DA:210,1
LF:40
LH:12
BRDA:40,0,0,0
BRDA:40,0,1,0
BRDA:43,1,0,0
BRDA:43,1,1,0
BRDA:68,2,0,0
BRDA:68,2,1,3
BRDA:140,3,0,0
BRDA:140,3,1,0
BRDA:163,4,0,0
BRDA:163,4,1,0
BRDA:187,5,0,0
BRDA:187,5,1,0
BRDA:205,6,0,0
BRDA:205,6,1,0
BRF:14
BRH:1
end_of_record
TN:
SF:routes/_testCommon.js
FN:8,commonBeforeAll
FN:65,commonBeforeEach
FN:69,commonAfterEach
FN:73,commonAfterAll
FNF:4
FNH:4
FNDA:1,commonBeforeAll
FNDA:24,commonBeforeEach
FNDA:24,commonAfterEach
FNDA:1,commonAfterAll
DA:3,1
DA:4,1
DA:5,1
DA:6,1
DA:10,1
DA:12,1
DA:14,1
DA:22,1
DA:30,1
DA:39,1
DA:47,1
DA:55,1
DA:66,24
DA:70,24
DA:74,1
DA:78,1
DA:81,1
LF:17
LH:17
BRF:0
BRH:0
end_of_record
TN:
SF:routes/auth.js
FN:22,(anonymous_0)
FN:26,(anonymous_1)
FN:49,(anonymous_2)
FN:53,(anonymous_3)
FNF:4
FNH:0
FNDA:0,(anonymous_0)
FNDA:0,(anonymous_1)
FNDA:0,(anonymous_2)
FNDA:0,(anonymous_3)
DA:5,1
DA:7,1
DA:8,1
DA:9,1
DA:10,1
DA:11,1
DA:12,1
DA:13,1
DA:22,1
DA:23,0
DA:24,0
DA:25,0
DA:26,0
DA:27,0
DA:30,0
DA:31,0
DA:32,0
DA:33,0
DA:35,0
DA:49,1
DA:50,0
DA:51,0
DA:52,0
DA:53,0
DA:54,0
DA:57,0
DA:58,0
DA:59,0
DA:61,0
DA:66,1
LF:30
LH:11
BRDA:25,0,0,0
BRDA:25,0,1,0
BRDA:52,1,0,0
BRDA:52,1,1,0
BRF:4
BRH:0
end_of_record
TN:
SF:routes/companies.js
FN:29,(anonymous_0)
FN:33,(anonymous_1)
FN:55,(anonymous_2)
FN:68,(anonymous_3)
FN:90,(anonymous_4)
FN:110,(anonymous_5)
FN:114,(anonymous_6)
FN:130,(anonymous_7)
FNF:8
FNH:8
FNDA:3,(anonymous_0)
FNDA:3,(anonymous_1)
FNDA:10,(anonymous_2)
FNDA:6,(anonymous_3)
FNDA:3,(anonymous_4)
FNDA:4,(anonymous_5)
FNDA:2,(anonymous_6)
FNDA:2,(anonymous_7)
DA:7,1
DA:8,1
DA:10,1
DA:11,1
DA:12,1
DA:14,1
DA:15,1
DA:17,1
DA:29,1
DA:30,3
DA:31,3
DA:32,3
DA:33,3
DA:34,2
DA:37,1
DA:38,1
DA:40,2
DA:55,1
DA:56,10
DA:57,10
DA:60,10
DA:61,2
DA:62,1
DA:67,9
DA:68,6
DA:70,9
DA:71,1
DA:74,8
DA:75,6
DA:77,4
DA:90,1
DA:91,3
DA:92,3
DA:93,2
DA:95,1
DA:110,1
DA:111,4
DA:112,4
DA:113,4
DA:114,2
DA:115,2
DA:118,2
DA:119,1
DA:121,3
DA:130,1
DA:131,2
DA:132,2
DA:133,1
DA:135,1
DA:140,1
LF:50
LH:50
BRDA:32,0,0,2
BRDA:32,0,1,1
BRDA:60,1,0,2
BRDA:60,1,1,8
BRDA:60,2,0,10
BRDA:60,2,1,3
BRDA:61,3,0,1
BRDA:61,3,1,1
BRDA:70,4,0,1
BRDA:70,4,1,8
BRDA:113,5,0,2
BRDA:113,5,1,2
BRF:12
BRH:12
end_of_record
TN:
SF:routes/users.js
FN:30,(anonymous_0)
FN:34,(anonymous_1)
FN:54,(anonymous_2)
FN:71,(anonymous_3)
FN:91,(anonymous_4)
FN:95,(anonymous_5)
FN:112,(anonymous_6)
FNF:7
FNH:0
FNDA:0,(anonymous_0)
FNDA:0,(anonymous_1)
FNDA:0,(anonymous_2)
FNDA:0,(anonymous_3)
FNDA:0,(anonymous_4)
FNDA:0,(anonymous_5)
FNDA:0,(anonymous_6)
DA:5,1
DA:7,1
DA:8,1
DA:9,1
DA:10,1
DA:11,1
DA:12,1
DA:13,1
DA:15,1
DA:30,1
DA:31,0
DA:32,0
DA:33,0
DA:34,0
DA:35,0
DA:38,0
DA:39,0
DA:40,0
DA:42,0
DA:54,1
DA:55,0
DA:56,0
DA:57,0
DA:59,0
DA:71,1
DA:72,0
DA:73,0
DA:74,0
DA:76,0
DA:91,1
DA:92,0
DA:93,0
DA:94,0
DA:95,0
DA:96,0
DA:99,0
DA:100,0
DA:102,0
DA:112,1
DA:113,0
DA:114,0
DA:115,0
DA:117,0
DA:122,1
LF:44
LH:15
BRDA:33,0,0,0
BRDA:33,0,1,0
BRDA:94,1,0,0
BRDA:94,1,1,0
BRF:4
BRH:0
end_of_record
